Started GET "/" for ::1 at 2020-02-06 15:13:36 -0500
  [1m[35m (4.2ms)[0m  [1m[34mSELECT sqlite_version(*)[0m
Processing by Rails::WelcomeController#index as HTML
  Rendering C:/Ruby26-x64/lib/ruby/gems/2.6.0/gems/railties-6.0.2.1/lib/rails/templates/rails/welcome/index.html.erb
  Rendered C:/Ruby26-x64/lib/ruby/gems/2.6.0/gems/railties-6.0.2.1/lib/rails/templates/rails/welcome/index.html.erb (Duration: 8.3ms | Allocations: 416)
Completed 200 OK in 36ms (Views: 19.7ms | ActiveRecord: 0.0ms | Allocations: 2332)


Started GET "/" for ::1 at 2020-02-06 15:19:57 -0500
  [1m[35m (0.1ms)[0m  [1m[34mSELECT sqlite_version(*)[0m
Processing by Rails::WelcomeController#index as HTML
  Rendering C:/Ruby26-x64/lib/ruby/gems/2.6.0/gems/railties-6.0.2.1/lib/rails/templates/rails/welcome/index.html.erb
  Rendered C:/Ruby26-x64/lib/ruby/gems/2.6.0/gems/railties-6.0.2.1/lib/rails/templates/rails/welcome/index.html.erb (Duration: 5.0ms | Allocations: 190)
Completed 200 OK in 19ms (Views: 6.8ms | ActiveRecord: 0.0ms | Allocations: 1336)


Started GET "/" for ::1 at 2020-02-06 15:20:01 -0500
Processing by Rails::WelcomeController#index as HTML
  Rendering C:/Ruby26-x64/lib/ruby/gems/2.6.0/gems/railties-6.0.2.1/lib/rails/templates/rails/welcome/index.html.erb
  Rendered C:/Ruby26-x64/lib/ruby/gems/2.6.0/gems/railties-6.0.2.1/lib/rails/templates/rails/welcome/index.html.erb (Duration: 0.3ms | Allocations: 8)
Completed 200 OK in 7ms (Views: 6.5ms | ActiveRecord: 0.0ms | Allocations: 334)


Started GET "/" for ::1 at 2020-02-06 15:21:37 -0500
  [1m[35m (0.1ms)[0m  [1m[34mSELECT sqlite_version(*)[0m
Processing by WelcomeController#index as HTML
  Rendering welcome/index.html.erb within layouts/application
  Rendered welcome/index.html.erb within layouts/application (Duration: 1.2ms | Allocations: 80)
[Webpacker] Compiling...
[Webpacker] Compiled all packs in C:/Users/jirik/Documents/GitHub/CIS-658/Homework-4/blog/public/packs
[Webpacker] Hash: 32e57f147dbdcbbf0c82
Version: webpack 4.41.5
Time: 2114ms
Built at: 02/06/2020 3:21:42 PM
                                     Asset       Size       Chunks                         Chunk Names
    js/application-bbe9c4a129ab949e0636.js    124 KiB  application  [emitted] [immutable]  application
js/application-bbe9c4a129ab949e0636.js.map    139 KiB  application  [emitted] [dev]        application
                             manifest.json  364 bytes               [emitted]              
Entrypoint application = js/application-bbe9c4a129ab949e0636.js js/application-bbe9c4a129ab949e0636.js.map
[./app/javascript/channels sync recursive _channel\.js$] ./app/javascript/channels sync _channel\.js$ 160 bytes {application} [built]
[./app/javascript/channels/index.js] 211 bytes {application} [built]
[./app/javascript/packs/application.js] 749 bytes {application} [built]
[./node_modules/webpack/buildin/module.js] (webpack)/buildin/module.js 552 bytes {application} [built]
    + 3 hidden modules

Completed 200 OK in 4966ms (Views: 4962.9ms | ActiveRecord: 0.0ms | Allocations: 22968)


Started GET "/articles" for ::1 at 2020-02-06 15:47:28 -0500
  [1m[35m (0.1ms)[0m  [1m[34mSELECT sqlite_version(*)[0m
  
ActionController::RoutingError (uninitialized constant ArticlesController
Did you mean?  AbstractController):
  
activesupport (6.0.2.1) lib/active_support/inflector/methods.rb:282:in `const_get'
activesupport (6.0.2.1) lib/active_support/inflector/methods.rb:282:in `block in constantize'
activesupport (6.0.2.1) lib/active_support/inflector/methods.rb:280:in `each'
activesupport (6.0.2.1) lib/active_support/inflector/methods.rb:280:in `inject'
activesupport (6.0.2.1) lib/active_support/inflector/methods.rb:280:in `constantize'
activesupport (6.0.2.1) lib/active_support/dependencies/zeitwerk_integration.rb:19:in `constantize'
actionpack (6.0.2.1) lib/action_dispatch/http/request.rb:88:in `controller_class_for'
actionpack (6.0.2.1) lib/action_dispatch/http/request.rb:81:in `controller_class'
actionpack (6.0.2.1) lib/action_dispatch/routing/route_set.rb:45:in `controller'
actionpack (6.0.2.1) lib/action_dispatch/routing/route_set.rb:31:in `serve'
actionpack (6.0.2.1) lib/action_dispatch/journey/router.rb:49:in `block in serve'
actionpack (6.0.2.1) lib/action_dispatch/journey/router.rb:32:in `each'
actionpack (6.0.2.1) lib/action_dispatch/journey/router.rb:32:in `serve'
actionpack (6.0.2.1) lib/action_dispatch/routing/route_set.rb:837:in `call'
rack (2.1.2) lib/rack/tempfile_reaper.rb:17:in `call'
rack (2.1.2) lib/rack/etag.rb:27:in `call'
rack (2.1.2) lib/rack/conditional_get.rb:27:in `call'
rack (2.1.2) lib/rack/head.rb:14:in `call'
actionpack (6.0.2.1) lib/action_dispatch/http/content_security_policy.rb:18:in `call'
rack (2.1.2) lib/rack/session/abstract/id.rb:269:in `context'
rack (2.1.2) lib/rack/session/abstract/id.rb:263:in `call'
actionpack (6.0.2.1) lib/action_dispatch/middleware/cookies.rb:648:in `call'
activerecord (6.0.2.1) lib/active_record/migration.rb:567:in `call'
actionpack (6.0.2.1) lib/action_dispatch/middleware/callbacks.rb:27:in `block in call'
activesupport (6.0.2.1) lib/active_support/callbacks.rb:101:in `run_callbacks'
actionpack (6.0.2.1) lib/action_dispatch/middleware/callbacks.rb:26:in `call'
actionpack (6.0.2.1) lib/action_dispatch/middleware/executor.rb:14:in `call'
actionpack (6.0.2.1) lib/action_dispatch/middleware/actionable_exceptions.rb:17:in `call'
actionpack (6.0.2.1) lib/action_dispatch/middleware/debug_exceptions.rb:32:in `call'
web-console (4.0.1) lib/web_console/middleware.rb:132:in `call_app'
web-console (4.0.1) lib/web_console/middleware.rb:28:in `block in call'
web-console (4.0.1) lib/web_console/middleware.rb:17:in `catch'
web-console (4.0.1) lib/web_console/middleware.rb:17:in `call'
actionpack (6.0.2.1) lib/action_dispatch/middleware/show_exceptions.rb:33:in `call'
railties (6.0.2.1) lib/rails/rack/logger.rb:38:in `call_app'
railties (6.0.2.1) lib/rails/rack/logger.rb:26:in `block in call'
activesupport (6.0.2.1) lib/active_support/tagged_logging.rb:80:in `block in tagged'
activesupport (6.0.2.1) lib/active_support/tagged_logging.rb:28:in `tagged'
activesupport (6.0.2.1) lib/active_support/tagged_logging.rb:80:in `tagged'
railties (6.0.2.1) lib/rails/rack/logger.rb:26:in `call'
sprockets-rails (3.2.1) lib/sprockets/rails/quiet_assets.rb:13:in `call'
actionpack (6.0.2.1) lib/action_dispatch/middleware/remote_ip.rb:81:in `call'
actionpack (6.0.2.1) lib/action_dispatch/middleware/request_id.rb:27:in `call'
rack (2.1.2) lib/rack/method_override.rb:24:in `call'
rack (2.1.2) lib/rack/runtime.rb:24:in `call'
activesupport (6.0.2.1) lib/active_support/cache/strategy/local_cache_middleware.rb:29:in `call'
actionpack (6.0.2.1) lib/action_dispatch/middleware/executor.rb:14:in `call'
actionpack (6.0.2.1) lib/action_dispatch/middleware/static.rb:126:in `call'
rack (2.1.2) lib/rack/sendfile.rb:113:in `call'
actionpack (6.0.2.1) lib/action_dispatch/middleware/host_authorization.rb:83:in `call'
webpacker (4.2.2) lib/webpacker/dev_server_proxy.rb:23:in `perform_request'
rack-proxy (0.6.5) lib/rack/proxy.rb:57:in `call'
railties (6.0.2.1) lib/rails/engine.rb:526:in `call'
puma (4.3.1) lib/puma/configuration.rb:228:in `call'
puma (4.3.1) lib/puma/server.rb:681:in `handle_request'
puma (4.3.1) lib/puma/server.rb:472:in `process_client'
puma (4.3.1) lib/puma/server.rb:328:in `block in run'
puma (4.3.1) lib/puma/thread_pool.rb:134:in `block in spawn_thread'
Started GET "/articles/new" for ::1 at 2020-02-06 15:49:21 -0500
  [1m[35m (0.1ms)[0m  [1m[34mSELECT sqlite_version(*)[0m
Processing by ArticlesController#new as HTML
  Rendering articles/new.html.erb within layouts/application
  Rendered articles/new.html.erb within layouts/application (Duration: 0.4ms | Allocations: 87)
[Webpacker] Everything's up-to-date. Nothing to do
Completed 200 OK in 88ms (Views: 85.4ms | ActiveRecord: 0.0ms | Allocations: 13957)


Started GET "/articles/new" for ::1 at 2020-02-06 15:49:46 -0500
Processing by ArticlesController#new as HTML
  Rendering articles/new.html.erb within layouts/application
  Rendered articles/new.html.erb within layouts/application (Duration: 27.6ms | Allocations: 4506)
[Webpacker] Everything's up-to-date. Nothing to do
Completed 200 OK in 72ms (Views: 69.5ms | ActiveRecord: 0.0ms | Allocations: 10097)


Started GET "/articles/new" for ::1 at 2020-02-06 15:50:21 -0500
Processing by ArticlesController#new as HTML
  Rendering articles/new.html.erb within layouts/application
  Rendered articles/new.html.erb within layouts/application (Duration: 1.5ms | Allocations: 708)
[Webpacker] Everything's up-to-date. Nothing to do
Completed 200 OK in 50ms (Views: 47.0ms | ActiveRecord: 0.0ms | Allocations: 6303)


Started POST "/articles" for ::1 at 2020-02-06 15:50:24 -0500
  
AbstractController::ActionNotFound (The action 'create' could not be found for ArticlesController):
  
actionpack (6.0.2.1) lib/abstract_controller/base.rb:131:in `process'
actionview (6.0.2.1) lib/action_view/rendering.rb:39:in `process'
actionpack (6.0.2.1) lib/action_controller/metal.rb:191:in `dispatch'
actionpack (6.0.2.1) lib/action_controller/metal.rb:252:in `dispatch'
actionpack (6.0.2.1) lib/action_dispatch/routing/route_set.rb:51:in `dispatch'
actionpack (6.0.2.1) lib/action_dispatch/routing/route_set.rb:33:in `serve'
actionpack (6.0.2.1) lib/action_dispatch/journey/router.rb:49:in `block in serve'
actionpack (6.0.2.1) lib/action_dispatch/journey/router.rb:32:in `each'
actionpack (6.0.2.1) lib/action_dispatch/journey/router.rb:32:in `serve'
actionpack (6.0.2.1) lib/action_dispatch/routing/route_set.rb:837:in `call'
rack (2.1.2) lib/rack/tempfile_reaper.rb:17:in `call'
rack (2.1.2) lib/rack/etag.rb:27:in `call'
rack (2.1.2) lib/rack/conditional_get.rb:40:in `call'
rack (2.1.2) lib/rack/head.rb:14:in `call'
actionpack (6.0.2.1) lib/action_dispatch/http/content_security_policy.rb:18:in `call'
rack (2.1.2) lib/rack/session/abstract/id.rb:269:in `context'
rack (2.1.2) lib/rack/session/abstract/id.rb:263:in `call'
actionpack (6.0.2.1) lib/action_dispatch/middleware/cookies.rb:648:in `call'
activerecord (6.0.2.1) lib/active_record/migration.rb:567:in `call'
actionpack (6.0.2.1) lib/action_dispatch/middleware/callbacks.rb:27:in `block in call'
activesupport (6.0.2.1) lib/active_support/callbacks.rb:101:in `run_callbacks'
actionpack (6.0.2.1) lib/action_dispatch/middleware/callbacks.rb:26:in `call'
actionpack (6.0.2.1) lib/action_dispatch/middleware/executor.rb:14:in `call'
actionpack (6.0.2.1) lib/action_dispatch/middleware/actionable_exceptions.rb:17:in `call'
actionpack (6.0.2.1) lib/action_dispatch/middleware/debug_exceptions.rb:32:in `call'
web-console (4.0.1) lib/web_console/middleware.rb:132:in `call_app'
web-console (4.0.1) lib/web_console/middleware.rb:28:in `block in call'
web-console (4.0.1) lib/web_console/middleware.rb:17:in `catch'
web-console (4.0.1) lib/web_console/middleware.rb:17:in `call'
actionpack (6.0.2.1) lib/action_dispatch/middleware/show_exceptions.rb:33:in `call'
railties (6.0.2.1) lib/rails/rack/logger.rb:38:in `call_app'
railties (6.0.2.1) lib/rails/rack/logger.rb:26:in `block in call'
activesupport (6.0.2.1) lib/active_support/tagged_logging.rb:80:in `block in tagged'
activesupport (6.0.2.1) lib/active_support/tagged_logging.rb:28:in `tagged'
activesupport (6.0.2.1) lib/active_support/tagged_logging.rb:80:in `tagged'
railties (6.0.2.1) lib/rails/rack/logger.rb:26:in `call'
sprockets-rails (3.2.1) lib/sprockets/rails/quiet_assets.rb:13:in `call'
actionpack (6.0.2.1) lib/action_dispatch/middleware/remote_ip.rb:81:in `call'
actionpack (6.0.2.1) lib/action_dispatch/middleware/request_id.rb:27:in `call'
rack (2.1.2) lib/rack/method_override.rb:24:in `call'
rack (2.1.2) lib/rack/runtime.rb:24:in `call'
activesupport (6.0.2.1) lib/active_support/cache/strategy/local_cache_middleware.rb:29:in `call'
actionpack (6.0.2.1) lib/action_dispatch/middleware/executor.rb:14:in `call'
actionpack (6.0.2.1) lib/action_dispatch/middleware/static.rb:126:in `call'
rack (2.1.2) lib/rack/sendfile.rb:113:in `call'
actionpack (6.0.2.1) lib/action_dispatch/middleware/host_authorization.rb:83:in `call'
webpacker (4.2.2) lib/webpacker/dev_server_proxy.rb:23:in `perform_request'
rack-proxy (0.6.5) lib/rack/proxy.rb:57:in `call'
railties (6.0.2.1) lib/rails/engine.rb:526:in `call'
puma (4.3.1) lib/puma/configuration.rb:228:in `call'
puma (4.3.1) lib/puma/server.rb:681:in `handle_request'
puma (4.3.1) lib/puma/server.rb:472:in `process_client'
puma (4.3.1) lib/puma/server.rb:328:in `block in run'
puma (4.3.1) lib/puma/thread_pool.rb:134:in `block in spawn_thread'
Started GET "/articles/new" for ::1 at 2020-02-06 15:51:23 -0500
  [1m[35m (0.1ms)[0m  [1m[34mSELECT sqlite_version(*)[0m
Processing by ArticlesController#new as HTML
  Rendering articles/new.html.erb within layouts/application
  Rendered articles/new.html.erb within layouts/application (Duration: 0.9ms | Allocations: 499)
[Webpacker] Everything's up-to-date. Nothing to do
Completed 200 OK in 37ms (Views: 36.7ms | ActiveRecord: 0.0ms | Allocations: 5348)


Started POST "/articles" for ::1 at 2020-02-06 15:51:25 -0500
Processing by ArticlesController#create as HTML
  Parameters: {"authenticity_token"=>"P66EdOsJ3StgMeq2YtS7WaU3EfYsintBwmR+A4HJ6XviRbKNmDDS2lZvGcQsUOohExngwhZ9kpvuq2q+IB0uQQ==", "article"=>{"title"=>"", "text"=>""}, "commit"=>"Save Article"}
  Rendering text template
  Rendered text template (Duration: 0.0ms | Allocations: 1)
Completed 200 OK in 6ms (Views: 5.0ms | ActiveRecord: 0.0ms | Allocations: 596)


  [1m[35m (3.9ms)[0m  [1m[34mSELECT sqlite_version(*)[0m
  [1m[35m (17.2ms)[0m  [1m[35mCREATE TABLE "schema_migrations" ("version" varchar NOT NULL PRIMARY KEY)[0m
  [1m[35m (3.6ms)[0m  [1m[35mCREATE TABLE "ar_internal_metadata" ("key" varchar NOT NULL PRIMARY KEY, "value" varchar, "created_at" datetime(6) NOT NULL, "updated_at" datetime(6) NOT NULL)[0m
  [1m[35m (0.3ms)[0m  [1m[34mSELECT "schema_migrations"."version" FROM "schema_migrations" ORDER BY "schema_migrations"."version" ASC[0m
Migrating to CreateArticles (20200206205202)
  [1m[35m (0.1ms)[0m  [1m[36mbegin transaction[0m
  [1m[35m (1.4ms)[0m  [1m[35mCREATE TABLE "articles" ("id" integer PRIMARY KEY AUTOINCREMENT NOT NULL, "title" varchar, "text" text, "created_at" datetime(6) NOT NULL, "updated_at" datetime(6) NOT NULL)[0m
  [1m[36mprimary::SchemaMigration Create (0.4ms)[0m  [1m[32mINSERT INTO "schema_migrations" ("version") VALUES (?)[0m  [["version", "20200206205202"]]
  [1m[35m (2.9ms)[0m  [1m[36mcommit transaction[0m
  [1m[36mActiveRecord::InternalMetadata Load (0.4ms)[0m  [1m[34mSELECT "ar_internal_metadata".* FROM "ar_internal_metadata" WHERE "ar_internal_metadata"."key" = ? LIMIT ?[0m  [["key", "environment"], ["LIMIT", 1]]
  [1m[35m (0.1ms)[0m  [1m[36mbegin transaction[0m
  [1m[36mActiveRecord::InternalMetadata Create (1.3ms)[0m  [1m[32mINSERT INTO "ar_internal_metadata" ("key", "value", "created_at", "updated_at") VALUES (?, ?, ?, ?)[0m  [["key", "environment"], ["value", "development"], ["created_at", "2020-02-06 20:52:29.525380"], ["updated_at", "2020-02-06 20:52:29.525380"]]
  [1m[35m (3.4ms)[0m  [1m[36mcommit transaction[0m
  [1m[35m (0.1ms)[0m  [1m[34mSELECT sqlite_version(*)[0m
  [1m[35m (0.2ms)[0m  [1m[34mSELECT "schema_migrations"."version" FROM "schema_migrations" ORDER BY "schema_migrations"."version" ASC[0m
Started GET "/articles/new" for ::1 at 2020-02-06 15:55:54 -0500
  [1m[35m (0.1ms)[0m  [1m[34mSELECT sqlite_version(*)[0m
  [1m[35m (0.4ms)[0m  [1m[34mSELECT "schema_migrations"."version" FROM "schema_migrations" ORDER BY "schema_migrations"."version" ASC[0m
Processing by ArticlesController#new as HTML
  Rendering articles/new.html.erb within layouts/application
  Rendered articles/new.html.erb within layouts/application (Duration: 1.6ms | Allocations: 713)
[Webpacker] Everything's up-to-date. Nothing to do
Completed 200 OK in 48ms (Views: 45.2ms | ActiveRecord: 0.0ms | Allocations: 6339)


Started POST "/articles" for ::1 at 2020-02-06 15:56:03 -0500
Processing by ArticlesController#create as HTML
  Parameters: {"authenticity_token"=>"OLr1zTZfUxgJVsRvNRybQRuqsj2+EDyZ4uizTQEzsJPlUcM0RWZc6T8INx17mMo5rYRDCYTn1UPOJ6fwoOd3qQ==", "article"=>{"title"=>"rge", "text"=>"gdfgd"}, "commit"=>"Save Article"}
  [1m[35m (0.1ms)[0m  [1m[36mbegin transaction[0m
  ↳ app/controllers/articles_controller.rb:12:in `create'
  [1m[36mArticle Create (1.6ms)[0m  [1m[32mINSERT INTO "articles" ("title", "text", "created_at", "updated_at") VALUES (?, ?, ?, ?)[0m  [["title", "rge"], ["text", "gdfgd"], ["created_at", "2020-02-06 20:56:03.845711"], ["updated_at", "2020-02-06 20:56:03.845711"]]
  ↳ app/controllers/articles_controller.rb:12:in `create'
  [1m[35m (3.5ms)[0m  [1m[36mcommit transaction[0m
  ↳ app/controllers/articles_controller.rb:12:in `create'
Redirected to http://localhost:3000/articles/1
Completed 302 Found in 33ms (ActiveRecord: 7.3ms | Allocations: 6685)


Started GET "/articles/1" for ::1 at 2020-02-06 15:56:03 -0500
Processing by ArticlesController#show as HTML
  Parameters: {"id"=>"1"}
  [1m[36mArticle Load (0.3ms)[0m  [1m[34mSELECT "articles".* FROM "articles" WHERE "articles"."id" = ? LIMIT ?[0m  [["id", 1], ["LIMIT", 1]]
  ↳ app/controllers/articles_controller.rb:6:in `show'
  Rendering articles/show.html.erb within layouts/application
  Rendered articles/show.html.erb within layouts/application (Duration: 0.7ms | Allocations: 141)
[Webpacker] Everything's up-to-date. Nothing to do
Completed 200 OK in 55ms (Views: 39.9ms | ActiveRecord: 0.3ms | Allocations: 6143)


Started GET "/articles" for ::1 at 2020-02-06 15:56:45 -0500
  [1m[35m (0.1ms)[0m  [1m[34mSELECT sqlite_version(*)[0m
Processing by ArticlesController#index as HTML
  Rendering articles/index.html.erb within layouts/application
  [1m[36mArticle Load (0.3ms)[0m  [1m[34mSELECT "articles".* FROM "articles"[0m
  ↳ app/views/articles/index.html.erb:11
  Rendered articles/index.html.erb within layouts/application (Duration: 9.0ms | Allocations: 4166)
[Webpacker] Everything's up-to-date. Nothing to do
Completed 200 OK in 63ms (Views: 52.4ms | ActiveRecord: 1.8ms | Allocations: 10139)


Started GET "/articles" for ::1 at 2020-02-06 16:58:04 -0500
  [1m[35m (0.1ms)[0m  [1m[34mSELECT sqlite_version(*)[0m
Processing by ArticlesController#index as HTML
  Rendering articles/index.html.erb within layouts/application
  [1m[36mArticle Load (1.2ms)[0m  [1m[34mSELECT "articles".* FROM "articles"[0m
  ↳ app/views/articles/index.html.erb:10
  Rendered articles/index.html.erb within layouts/application (Duration: 8.9ms | Allocations: 831)
[Webpacker] Everything's up-to-date. Nothing to do
Completed 200 OK in 82ms (Views: 74.5ms | ActiveRecord: 1.2ms | Allocations: 6446)


Started GET "/" for ::1 at 2020-02-06 16:58:08 -0500
Processing by WelcomeController#index as HTML
  Rendering welcome/index.html.erb within layouts/application
  Rendered welcome/index.html.erb within layouts/application (Duration: 2.5ms | Allocations: 555)
[Webpacker] Everything's up-to-date. Nothing to do
Completed 200 OK in 75ms (Views: 69.1ms | ActiveRecord: 0.0ms | Allocations: 5817)


Started GET "/articles" for ::1 at 2020-02-06 16:58:10 -0500
Processing by ArticlesController#index as HTML
  Rendering articles/index.html.erb within layouts/application
  [1m[36mArticle Load (0.7ms)[0m  [1m[34mSELECT "articles".* FROM "articles"[0m
  ↳ app/views/articles/index.html.erb:10
  Rendered articles/index.html.erb within layouts/application (Duration: 4.4ms | Allocations: 630)
[Webpacker] Everything's up-to-date. Nothing to do
Completed 200 OK in 56ms (Views: 54.0ms | ActiveRecord: 0.7ms | Allocations: 5318)


Started GET "/articles" for ::1 at 2020-02-06 16:58:36 -0500
Processing by ArticlesController#index as HTML
  Rendering articles/index.html.erb within layouts/application
  [1m[36mArticle Load (0.4ms)[0m  [1m[34mSELECT "articles".* FROM "articles"[0m
  ↳ app/views/articles/index.html.erb:14
  Rendered articles/index.html.erb within layouts/application (Duration: 7.1ms | Allocations: 857)
[Webpacker] Everything's up-to-date. Nothing to do
Completed 200 OK in 80ms (Views: 74.2ms | ActiveRecord: 0.4ms | Allocations: 6470)


Started GET "/" for ::1 at 2020-02-06 16:58:39 -0500
Processing by WelcomeController#index as HTML
  Rendering welcome/index.html.erb within layouts/application
  Rendered welcome/index.html.erb within layouts/application (Duration: 2.4ms | Allocations: 196)
[Webpacker] Everything's up-to-date. Nothing to do
Completed 200 OK in 64ms (Views: 59.0ms | ActiveRecord: 0.0ms | Allocations: 5427)


Started GET "/articles" for ::1 at 2020-02-06 16:58:41 -0500
Processing by ArticlesController#index as HTML
  Rendering articles/index.html.erb within layouts/application
  [1m[36mArticle Load (0.7ms)[0m  [1m[34mSELECT "articles".* FROM "articles"[0m
  ↳ app/views/articles/index.html.erb:14
  Rendered articles/index.html.erb within layouts/application (Duration: 5.1ms | Allocations: 653)
[Webpacker] Everything's up-to-date. Nothing to do
Completed 200 OK in 60ms (Views: 57.3ms | ActiveRecord: 0.7ms | Allocations: 5339)


Started GET "/articles/new" for ::1 at 2020-02-06 16:58:43 -0500
Processing by ArticlesController#new as HTML
  Rendering articles/new.html.erb within layouts/application
  Rendered articles/new.html.erb within layouts/application (Duration: 4.2ms | Allocations: 707)
[Webpacker] Everything's up-to-date. Nothing to do
Completed 200 OK in 63ms (Views: 58.0ms | ActiveRecord: 0.0ms | Allocations: 5526)


Started GET "/articles/new" for ::1 at 2020-02-06 17:00:03 -0500
Processing by ArticlesController#new as HTML
  Rendering articles/new.html.erb within layouts/application
  Rendered articles/new.html.erb within layouts/application (Duration: 3.6ms | Allocations: 747)
[Webpacker] Everything's up-to-date. Nothing to do
Completed 200 OK in 70ms (Views: 64.0ms | ActiveRecord: 0.0ms | Allocations: 6356)


Started GET "/articles" for ::1 at 2020-02-06 17:00:05 -0500
Processing by ArticlesController#index as HTML
  Rendering articles/index.html.erb within layouts/application
  [1m[36mArticle Load (0.7ms)[0m  [1m[34mSELECT "articles".* FROM "articles"[0m
  ↳ app/views/articles/index.html.erb:14
  Rendered articles/index.html.erb within layouts/application (Duration: 9.2ms | Allocations: 853)
[Webpacker] Everything's up-to-date. Nothing to do
Completed 200 OK in 72ms (Views: 65.4ms | ActiveRecord: 0.7ms | Allocations: 5671)


Started GET "/articles" for ::1 at 2020-02-06 17:06:47 -0500
  [1m[35m (0.1ms)[0m  [1m[34mSELECT sqlite_version(*)[0m
Processing by ArticlesController#index as HTML
  Rendering articles/index.html.erb within layouts/application
  [1m[36mArticle Load (0.9ms)[0m  [1m[34mSELECT "articles".* FROM "articles"[0m
  ↳ app/views/articles/index.html.erb:14
  Rendered articles/index.html.erb within layouts/application (Duration: 14.7ms | Allocations: 3930)
[Webpacker] Everything's up-to-date. Nothing to do
Completed 200 OK in 93ms (Views: 78.9ms | ActiveRecord: 0.9ms | Allocations: 10047)


Started GET "/articles/1/edit" for ::1 at 2020-02-06 17:06:49 -0500
Processing by ArticlesController#edit as HTML
  Parameters: {"id"=>"1"}
  [1m[36mArticle Load (1.0ms)[0m  [1m[34mSELECT "articles".* FROM "articles" WHERE "articles"."id" = ? LIMIT ?[0m  [["id", 1], ["LIMIT", 1]]
  ↳ app/controllers/articles_controller.rb:26:in `edit'
  Rendering articles/edit.html.erb within layouts/application
  Rendered articles/edit.html.erb within layouts/application (Duration: 7.0ms | Allocations: 1287)
[Webpacker] Everything's up-to-date. Nothing to do
Completed 200 OK in 75ms (Views: 60.4ms | ActiveRecord: 1.0ms | Allocations: 6734)


Started GET "/articles" for ::1 at 2020-02-06 17:11:46 -0500
  [1m[35m (0.3ms)[0m  [1m[34mSELECT sqlite_version(*)[0m
  
ActionController::RoutingError (uninitialized constant ApplicationController):
  
app/controllers/application_controller.rb:1:in `<top (required)>'
app/controllers/articles_controller.rb:1:in `<top (required)>'
Started GET "/articles" for ::1 at 2020-02-06 17:15:11 -0500
Started GET "/articles" for ::1 at 2020-02-06 17:15:42 -0500
Started GET "/" for ::1 at 2020-02-06 17:17:16 -0500
  [1m[35m (8.4ms)[0m  [1m[34mSELECT sqlite_version(*)[0m
  [1m[35m (0.6ms)[0m  [1m[34mSELECT "schema_migrations"."version" FROM "schema_migrations" ORDER BY "schema_migrations"."version" ASC[0m
Processing by WelcomeController#index as HTML
  Rendering welcome/index.html.erb within layouts/application
  Rendered welcome/index.html.erb within layouts/application (Duration: 9.2ms | Allocations: 808)
[Webpacker] Everything's up-to-date. Nothing to do
Completed 200 OK in 371ms (Views: 346.3ms | ActiveRecord: 0.0ms | Allocations: 15850)


Started GET "/articles" for ::1 at 2020-02-06 17:17:19 -0500
Processing by ArticlesController#index as HTML
  Rendering articles/index.html.erb within layouts/application
  [1m[36mArticle Load (0.7ms)[0m  [1m[34mSELECT "articles".* FROM "articles"[0m
  ↳ app/views/articles/index.html.erb:11
  Rendered articles/index.html.erb within layouts/application (Duration: 20.6ms | Allocations: 4534)
[Webpacker] Everything's up-to-date. Nothing to do
Completed 200 OK in 185ms (Views: 167.1ms | ActiveRecord: 4.9ms | Allocations: 10314)


Started DELETE "/articles/1" for ::1 at 2020-02-06 17:17:23 -0500
Processing by ArticlesController#destroy as HTML
  Parameters: {"authenticity_token"=>"WCVUTuWRubj+RqvVjR7QaVCQ5FhIIFE5Olxp0kqJtWuFzmK3lqi2ScgYWKfDmoER5r4VbHLXuOMWk31v611yUQ==", "id"=>"1"}
  [1m[36mArticle Load (0.8ms)[0m  [1m[34mSELECT "articles".* FROM "articles" WHERE "articles"."id" = ? LIMIT ?[0m  [["id", 1], ["LIMIT", 1]]
  ↳ app/controllers/articles_controller.rb:39:in `destroy'
  [1m[35m (0.1ms)[0m  [1m[36mbegin transaction[0m
  ↳ app/controllers/articles_controller.rb:40:in `destroy'
  [1m[36mArticle Destroy (7.6ms)[0m  [1m[31mDELETE FROM "articles" WHERE "articles"."id" = ?[0m  [["id", 1]]
  ↳ app/controllers/articles_controller.rb:40:in `destroy'
  [1m[35m (5.3ms)[0m  [1m[36mcommit transaction[0m
  ↳ app/controllers/articles_controller.rb:40:in `destroy'
Redirected to http://localhost:3000/articles
Completed 302 Found in 183ms (ActiveRecord: 13.9ms | Allocations: 3279)


Started GET "/articles" for ::1 at 2020-02-06 17:17:24 -0500
Processing by ArticlesController#index as HTML
  Rendering articles/index.html.erb within layouts/application
  [1m[36mArticle Load (0.5ms)[0m  [1m[34mSELECT "articles".* FROM "articles"[0m
  ↳ app/views/articles/index.html.erb:11
  Rendered articles/index.html.erb within layouts/application (Duration: 5.5ms | Allocations: 605)
[Webpacker] Everything's up-to-date. Nothing to do
Completed 200 OK in 104ms (Views: 101.2ms | ActiveRecord: 0.5ms | Allocations: 5299)


  [1m[35m (10.4ms)[0m  [1m[34mSELECT sqlite_version(*)[0m
  [1m[35m (0.7ms)[0m  [1m[34mSELECT "schema_migrations"."version" FROM "schema_migrations" ORDER BY "schema_migrations"."version" ASC[0m
Migrating to CreateComments (20200206221759)
  [1m[35m (0.2ms)[0m  [1m[36mbegin transaction[0m
  [1m[35m (8.3ms)[0m  [1m[35mCREATE TABLE "comments" ("id" integer PRIMARY KEY AUTOINCREMENT NOT NULL, "commenter" varchar, "body" text, "article_id" integer NOT NULL, "created_at" datetime(6) NOT NULL, "updated_at" datetime(6) NOT NULL, CONSTRAINT "fk_rails_3bf61a60d3"
FOREIGN KEY ("article_id")
  REFERENCES "articles" ("id")
)[0m
  [1m[35m (0.6ms)[0m  [1m[35mCREATE  INDEX "index_comments_on_article_id" ON "comments" ("article_id")[0m
  [1m[36mprimary::SchemaMigration Create (0.7ms)[0m  [1m[32mINSERT INTO "schema_migrations" ("version") VALUES (?)[0m  [["version", "20200206221759"]]
  [1m[35m (4.9ms)[0m  [1m[36mcommit transaction[0m
  [1m[36mActiveRecord::InternalMetadata Load (0.7ms)[0m  [1m[34mSELECT "ar_internal_metadata".* FROM "ar_internal_metadata" WHERE "ar_internal_metadata"."key" = ? LIMIT ?[0m  [["key", "environment"], ["LIMIT", 1]]
  [1m[35m (0.1ms)[0m  [1m[34mSELECT sqlite_version(*)[0m
  [1m[35m (0.9ms)[0m  [1m[34mSELECT "schema_migrations"."version" FROM "schema_migrations" ORDER BY "schema_migrations"."version" ASC[0m
Started GET "/articles" for ::1 at 2020-02-06 17:43:45 -0500
  [1m[35m (0.2ms)[0m  [1m[34mSELECT sqlite_version(*)[0m
  [1m[35m (0.9ms)[0m  [1m[34mSELECT "schema_migrations"."version" FROM "schema_migrations" ORDER BY "schema_migrations"."version" ASC[0m
  
SyntaxError (C:/Users/jirik/Documents/GitHub/CIS-658/Homework-4/blog/app/controllers/application_controller.rb:7: syntax error, unexpected end-of-input, expecting end):
  
app/controllers/application_controller.rb:7: syntax error, unexpected end-of-input, expecting end
app/controllers/application_controller.rb:7: syntax error, unexpected end-of-input, expecting end
app/controllers/application_controller.rb:7: syntax error, unexpected end-of-input, expecting end
app/controllers/articles_controller.rb:2:in `<top (required)>'
Started GET "/articles" for ::1 at 2020-02-06 17:44:12 -0500
Started GET "/articles" for ::1 at 2020-02-06 17:45:10 -0500
  [1m[35m (8.1ms)[0m  [1m[34mSELECT sqlite_version(*)[0m
  [1m[35m (0.6ms)[0m  [1m[34mSELECT "schema_migrations"."version" FROM "schema_migrations" ORDER BY "schema_migrations"."version" ASC[0m
Processing by ArticlesController#index as HTML
  Rendering articles/index.html.erb within layouts/application
  [1m[36mArticle Load (0.9ms)[0m  [1m[34mSELECT "articles".* FROM "articles"[0m
  ↳ app/views/articles/index.html.erb:11
  Rendered articles/index.html.erb within layouts/application (Duration: 29.1ms | Allocations: 1568)
[Webpacker] Everything's up-to-date. Nothing to do
Completed 200 OK in 612ms (Views: 536.1ms | ActiveRecord: 1.9ms | Allocations: 30372)


Started GET "/articles/new" for ::1 at 2020-02-06 17:45:15 -0500
Processing by ArticlesController#new as HTML
Filter chain halted as #<Proc:0x0000000005191ab8@C:/Ruby26-x64/lib/ruby/gems/2.6.0/gems/actionpack-6.0.2.1/lib/action_controller/metal/http_authentication.rb:73> rendered or redirected
Completed 401 Unauthorized in 29ms (ActiveRecord: 0.0ms | Allocations: 272)


Started GET "/articles/new" for ::1 at 2020-02-06 17:45:20 -0500
Processing by ArticlesController#new as HTML
Filter chain halted as #<Proc:0x0000000005191ab8@C:/Ruby26-x64/lib/ruby/gems/2.6.0/gems/actionpack-6.0.2.1/lib/action_controller/metal/http_authentication.rb:73> rendered or redirected
Completed 401 Unauthorized in 28ms (ActiveRecord: 0.0ms | Allocations: 293)


Started GET "/articles/new" for ::1 at 2020-02-06 17:45:24 -0500
Processing by ArticlesController#new as HTML
Filter chain halted as #<Proc:0x0000000005191ab8@C:/Ruby26-x64/lib/ruby/gems/2.6.0/gems/actionpack-6.0.2.1/lib/action_controller/metal/http_authentication.rb:73> rendered or redirected
Completed 401 Unauthorized in 31ms (ActiveRecord: 0.0ms | Allocations: 289)


Started GET "/articles/new" for ::1 at 2020-02-06 17:45:30 -0500
Processing by ArticlesController#new as HTML
Filter chain halted as #<Proc:0x0000000005191ab8@C:/Ruby26-x64/lib/ruby/gems/2.6.0/gems/actionpack-6.0.2.1/lib/action_controller/metal/http_authentication.rb:73> rendered or redirected
Completed 401 Unauthorized in 31ms (ActiveRecord: 0.0ms | Allocations: 289)


Started GET "/articles/new" for ::1 at 2020-02-06 17:46:02 -0500
Processing by ArticlesController#new as HTML
  Rendering articles/new.html.erb within layouts/application
  Rendered articles/_form.html.erb (Duration: 59.1ms | Allocations: 4768)
  Rendered articles/new.html.erb within layouts/application (Duration: 67.8ms | Allocations: 5122)
[Webpacker] Everything's up-to-date. Nothing to do
Completed 200 OK in 179ms (Views: 161.0ms | ActiveRecord: 2.1ms | Allocations: 13282)


Started POST "/articles" for ::1 at 2020-02-06 17:46:07 -0500
Processing by ArticlesController#create as HTML
  Parameters: {"authenticity_token"=>"7UW0VxwSQ0+3gzdSqCWsJcOjg9sFUtyKnBercSo/gIyePDt/nfb9m++yZth/GtD6BS0POMEryF3cD+hBwzSRYw==", "article"=>{"title"=>"vdsvvdsv", "text"=>"sdvs"}, "commit"=>"Create Article"}
Filter chain halted as #<Proc:0x0000000005191ab8@C:/Ruby26-x64/lib/ruby/gems/2.6.0/gems/actionpack-6.0.2.1/lib/action_controller/metal/http_authentication.rb:73> rendered or redirected
Completed 401 Unauthorized in 35ms (ActiveRecord: 0.0ms | Allocations: 354)


Started POST "/articles" for ::1 at 2020-02-06 17:46:07 -0500
Processing by ArticlesController#create as HTML
  Parameters: {"authenticity_token"=>"7UW0VxwSQ0+3gzdSqCWsJcOjg9sFUtyKnBercSo/gIyePDt/nfb9m++yZth/GtD6BS0POMEryF3cD+hBwzSRYw==", "article"=>{"title"=>"vdsvvdsv", "text"=>"sdvs"}, "commit"=>"Create Article"}
  [1m[35m (0.2ms)[0m  [1m[36mbegin transaction[0m
  ↳ app/controllers/articles_controller.rb:25:in `create'
  [1m[36mArticle Create (8.3ms)[0m  [1m[32mINSERT INTO "articles" ("title", "text", "created_at", "updated_at") VALUES (?, ?, ?, ?)[0m  [["title", "vdsvvdsv"], ["text", "sdvs"], ["created_at", "2020-02-06 22:46:07.470735"], ["updated_at", "2020-02-06 22:46:07.470735"]]
  ↳ app/controllers/articles_controller.rb:25:in `create'
  [1m[35m (7.3ms)[0m  [1m[36mcommit transaction[0m
  ↳ app/controllers/articles_controller.rb:25:in `create'
Redirected to http://localhost:3000/articles/2
Completed 302 Found in 160ms (ActiveRecord: 15.8ms | Allocations: 2958)


Started GET "/articles/2" for ::1 at 2020-02-06 17:46:07 -0500
Processing by ArticlesController#show as HTML
  Parameters: {"id"=>"2"}
  [1m[36mArticle Load (0.8ms)[0m  [1m[34mSELECT "articles".* FROM "articles" WHERE "articles"."id" = ? LIMIT ?[0m  [["id", 2], ["LIMIT", 1]]
  ↳ app/controllers/articles_controller.rb:11:in `show'
  Rendering articles/show.html.erb within layouts/application
  [1m[36mComment Load (0.7ms)[0m  [1m[34mSELECT "comments".* FROM "comments" WHERE "comments"."article_id" = ?[0m  [["article_id", 2]]
  ↳ app/views/articles/show.html.erb:13
  Rendered collection of templates [0 times] (Duration: 0.1ms | Allocations: 3)
  Rendered comments/_form.html.erb (Duration: 58.7ms | Allocations: 5977)
  Rendered articles/show.html.erb within layouts/application (Duration: 230.4ms | Allocations: 12501)
[Webpacker] Everything's up-to-date. Nothing to do
Completed 200 OK in 383ms (Views: 332.2ms | ActiveRecord: 4.7ms | Allocations: 18607)


Started POST "/articles/2/comments" for ::1 at 2020-02-06 17:46:15 -0500
Processing by CommentsController#create as HTML
  Parameters: {"authenticity_token"=>"Q9l+A5v1V4lATjFqoDgzJQBdMiy53b6CpPxXjqWSg0OeMkj66MxYeHYQwhjuvGJdtnPDGIMqV1iIM0MzBEZEeQ==", "comment"=>{"commenter"=>"dsaas", "body"=>"asdasd"}, "commit"=>"Create Comment", "article_id"=>"2"}
  [1m[36mArticle Load (0.5ms)[0m  [1m[34mSELECT "articles".* FROM "articles" WHERE "articles"."id" = ? LIMIT ?[0m  [["id", 2], ["LIMIT", 1]]
  ↳ app/controllers/comments_controller.rb:8:in `create'
  [1m[35m (0.2ms)[0m  [1m[36mbegin transaction[0m
  ↳ app/controllers/comments_controller.rb:9:in `create'
  [1m[36mComment Create (7.9ms)[0m  [1m[32mINSERT INTO "comments" ("commenter", "body", "article_id", "created_at", "updated_at") VALUES (?, ?, ?, ?, ?)[0m  [["commenter", "dsaas"], ["body", "asdasd"], ["article_id", 2], ["created_at", "2020-02-06 22:46:15.249292"], ["updated_at", "2020-02-06 22:46:15.249292"]]
  ↳ app/controllers/comments_controller.rb:9:in `create'
  [1m[35m (16.4ms)[0m  [1m[36mcommit transaction[0m
  ↳ app/controllers/comments_controller.rb:9:in `create'
Redirected to http://localhost:3000/articles/2
Completed 302 Found in 322ms (ActiveRecord: 25.0ms | Allocations: 3545)


Started GET "/articles/2" for ::1 at 2020-02-06 17:46:15 -0500
Processing by ArticlesController#show as HTML
  Parameters: {"id"=>"2"}
  [1m[36mArticle Load (0.9ms)[0m  [1m[34mSELECT "articles".* FROM "articles" WHERE "articles"."id" = ? LIMIT ?[0m  [["id", 2], ["LIMIT", 1]]
  ↳ app/controllers/articles_controller.rb:11:in `show'
  Rendering articles/show.html.erb within layouts/application
  [1m[36mComment Load (0.6ms)[0m  [1m[34mSELECT "comments".* FROM "comments" WHERE "comments"."article_id" = ?[0m  [["article_id", 2]]
  ↳ app/views/articles/show.html.erb:13
  Rendered articles/show.html.erb within layouts/application (Duration: 55.0ms | Allocations: 2656)
Completed 500 Internal Server Error in 125ms (ActiveRecord: 1.4ms | Allocations: 3640)


  
ActionView::Template::Error (Missing partial comments/_comment with {:locale=>[:en], :formats=>[:html], :variants=>[], :handlers=>[:raw, :erb, :html, :builder, :ruby, :jbuilder]}. Searched in:
  * "C:/Users/jirik/Documents/GitHub/CIS-658/Homework-4/blog/app/views"
  * "C:/Ruby26-x64/lib/ruby/gems/2.6.0/gems/actiontext-6.0.2.1/app/views"
  * "C:/Ruby26-x64/lib/ruby/gems/2.6.0/gems/actionmailbox-6.0.2.1/app/views"
):
    10: </p>
    11: 
    12: <h2>Comments</h2>
    13: <%= render @article.comments %>
    14: 
    15: <h2>Add a comment:</h2>
    16: <%= render 'comments/form' %>
  
app/views/articles/show.html.erb:13
Started GET "/articles/2" for ::1 at 2020-02-06 17:47:29 -0500
Processing by ArticlesController#show as HTML
  Parameters: {"id"=>"2"}
  [1m[36mArticle Load (0.7ms)[0m  [1m[34mSELECT "articles".* FROM "articles" WHERE "articles"."id" = ? LIMIT ?[0m  [["id", 2], ["LIMIT", 1]]
  ↳ app/controllers/articles_controller.rb:11:in `show'
  Rendering articles/show.html.erb within layouts/application
  Rendered articles/show.html.erb within layouts/application (Duration: 6.0ms | Allocations: 1287)
[Webpacker] Everything's up-to-date. Nothing to do
Completed 200 OK in 147ms (Views: 120.1ms | ActiveRecord: 0.7ms | Allocations: 7719)


Started POST "/articles/2/comments" for ::1 at 2020-02-06 17:47:34 -0500
Processing by CommentsController#create as HTML
  Parameters: {"authenticity_token"=>"piuxrK7TKPoj8cG2e8KEkTpuCO11zPELoYuG7Ru8KE97wIdV3eonCxWvMsQ1RtXpjED52U87GNGNRJJQumjvdQ==", "comment"=>{"commenter"=>"dsf", "body"=>"safda"}, "commit"=>"Create Comment", "article_id"=>"2"}
  [1m[36mArticle Load (1.1ms)[0m  [1m[34mSELECT "articles".* FROM "articles" WHERE "articles"."id" = ? LIMIT ?[0m  [["id", 2], ["LIMIT", 1]]
  ↳ app/controllers/comments_controller.rb:8:in `create'
  [1m[35m (0.2ms)[0m  [1m[36mbegin transaction[0m
  ↳ app/controllers/comments_controller.rb:9:in `create'
  [1m[36mComment Create (8.3ms)[0m  [1m[32mINSERT INTO "comments" ("commenter", "body", "article_id", "created_at", "updated_at") VALUES (?, ?, ?, ?, ?)[0m  [["commenter", "dsf"], ["body", "safda"], ["article_id", 2], ["created_at", "2020-02-06 22:47:34.198193"], ["updated_at", "2020-02-06 22:47:34.198193"]]
  ↳ app/controllers/comments_controller.rb:9:in `create'
  [1m[35m (6.4ms)[0m  [1m[36mcommit transaction[0m
  ↳ app/controllers/comments_controller.rb:9:in `create'
Redirected to http://localhost:3000/articles/2
Completed 302 Found in 222ms (ActiveRecord: 16.0ms | Allocations: 3466)


Started GET "/articles/2" for ::1 at 2020-02-06 17:47:34 -0500
Processing by ArticlesController#show as HTML
  Parameters: {"id"=>"2"}
  [1m[36mArticle Load (0.6ms)[0m  [1m[34mSELECT "articles".* FROM "articles" WHERE "articles"."id" = ? LIMIT ?[0m  [["id", 2], ["LIMIT", 1]]
  ↳ app/controllers/articles_controller.rb:11:in `show'
  Rendering articles/show.html.erb within layouts/application
  Rendered articles/show.html.erb within layouts/application (Duration: 4.4ms | Allocations: 942)
[Webpacker] Everything's up-to-date. Nothing to do
Completed 200 OK in 97ms (Views: 65.9ms | ActiveRecord: 0.6ms | Allocations: 6343)


Started GET "/articles" for ::1 at 2020-02-06 17:47:38 -0500
Processing by ArticlesController#index as HTML
  Rendering articles/index.html.erb within layouts/application
  [1m[36mArticle Load (0.6ms)[0m  [1m[34mSELECT "articles".* FROM "articles"[0m
  ↳ app/views/articles/index.html.erb:11
  Rendered articles/index.html.erb within layouts/application (Duration: 34.3ms | Allocations: 962)
[Webpacker] Everything's up-to-date. Nothing to do
Completed 200 OK in 129ms (Views: 122.7ms | ActiveRecord: 0.6ms | Allocations: 5998)


Started GET "/articles/2" for ::1 at 2020-02-06 17:47:40 -0500
Processing by ArticlesController#show as HTML
  Parameters: {"id"=>"2"}
  [1m[36mArticle Load (0.5ms)[0m  [1m[34mSELECT "articles".* FROM "articles" WHERE "articles"."id" = ? LIMIT ?[0m  [["id", 2], ["LIMIT", 1]]
  ↳ app/controllers/articles_controller.rb:11:in `show'
  Rendering articles/show.html.erb within layouts/application
  Rendered articles/show.html.erb within layouts/application (Duration: 4.2ms | Allocations: 937)
[Webpacker] Everything's up-to-date. Nothing to do
Completed 200 OK in 137ms (Views: 105.8ms | ActiveRecord: 0.5ms | Allocations: 6350)


Started POST "/articles/2/comments" for ::1 at 2020-02-06 17:47:44 -0500
Processing by CommentsController#create as HTML
  Parameters: {"authenticity_token"=>"tucbviEftdOasxwbPV/thwL8G7SRsJiSBZCpVzjImbjMWxQqIP+aX9UNCks3vfL2OVGMGKlNp2MmUU2bq36zsA==", "comment"=>{"commenter"=>"dfgd", "body"=>"dfgd"}, "commit"=>"Create Comment", "article_id"=>"2"}
  [1m[36mArticle Load (0.9ms)[0m  [1m[34mSELECT "articles".* FROM "articles" WHERE "articles"."id" = ? LIMIT ?[0m  [["id", 2], ["LIMIT", 1]]
  ↳ app/controllers/comments_controller.rb:8:in `create'
  [1m[35m (0.2ms)[0m  [1m[36mbegin transaction[0m
  ↳ app/controllers/comments_controller.rb:9:in `create'
  [1m[36mComment Create (8.4ms)[0m  [1m[32mINSERT INTO "comments" ("commenter", "body", "article_id", "created_at", "updated_at") VALUES (?, ?, ?, ?, ?)[0m  [["commenter", "dfgd"], ["body", "dfgd"], ["article_id", 2], ["created_at", "2020-02-06 22:47:44.320153"], ["updated_at", "2020-02-06 22:47:44.320153"]]
  ↳ app/controllers/comments_controller.rb:9:in `create'
  [1m[35m (5.8ms)[0m  [1m[36mcommit transaction[0m
  ↳ app/controllers/comments_controller.rb:9:in `create'
Redirected to http://localhost:3000/articles/2
Completed 302 Found in 231ms (ActiveRecord: 15.2ms | Allocations: 3476)


Started GET "/articles/2" for ::1 at 2020-02-06 17:47:44 -0500
Processing by ArticlesController#show as HTML
  Parameters: {"id"=>"2"}
  [1m[36mArticle Load (0.6ms)[0m  [1m[34mSELECT "articles".* FROM "articles" WHERE "articles"."id" = ? LIMIT ?[0m  [["id", 2], ["LIMIT", 1]]
  ↳ app/controllers/articles_controller.rb:11:in `show'
  Rendering articles/show.html.erb within layouts/application
  Rendered articles/show.html.erb within layouts/application (Duration: 4.8ms | Allocations: 933)
[Webpacker] Everything's up-to-date. Nothing to do
Completed 200 OK in 103ms (Views: 71.1ms | ActiveRecord: 0.6ms | Allocations: 6351)


Started GET "/articles" for ::1 at 2020-02-06 17:47:46 -0500
Processing by ArticlesController#index as HTML
  Rendering articles/index.html.erb within layouts/application
  [1m[36mArticle Load (0.7ms)[0m  [1m[34mSELECT "articles".* FROM "articles"[0m
  ↳ app/views/articles/index.html.erb:11
  Rendered articles/index.html.erb within layouts/application (Duration: 35.5ms | Allocations: 721)
[Webpacker] Everything's up-to-date. Nothing to do
Completed 200 OK in 163ms (Views: 160.9ms | ActiveRecord: 0.7ms | Allocations: 5631)


Started DELETE "/articles/2" for ::1 at 2020-02-06 17:47:50 -0500
Processing by ArticlesController#destroy as HTML
  Parameters: {"authenticity_token"=>"A4NWYvv6OwnMNUeksgcJJJDZESZLMNacUAlCIBJUZrfeaGCbiMM0+PprtNb8g1hcJvfgEnHHP0Z8xlads4ChjQ==", "id"=>"2"}
  [1m[36mArticle Load (0.6ms)[0m  [1m[34mSELECT "articles".* FROM "articles" WHERE "articles"."id" = ? LIMIT ?[0m  [["id", 2], ["LIMIT", 1]]
  ↳ app/controllers/articles_controller.rb:43:in `destroy'
  [1m[35m (0.1ms)[0m  [1m[36mbegin transaction[0m
  ↳ app/controllers/articles_controller.rb:44:in `destroy'
  [1m[36mComment Load (1.2ms)[0m  [1m[34mSELECT "comments".* FROM "comments" WHERE "comments"."article_id" = ?[0m  [["article_id", 2]]
  ↳ app/controllers/articles_controller.rb:44:in `destroy'
  [1m[36mComment Destroy (2.2ms)[0m  [1m[31mDELETE FROM "comments" WHERE "comments"."id" = ?[0m  [["id", 1]]
  ↳ app/controllers/articles_controller.rb:44:in `destroy'
  [1m[36mComment Destroy (0.3ms)[0m  [1m[31mDELETE FROM "comments" WHERE "comments"."id" = ?[0m  [["id", 2]]
  ↳ app/controllers/articles_controller.rb:44:in `destroy'
  [1m[36mComment Destroy (0.6ms)[0m  [1m[31mDELETE FROM "comments" WHERE "comments"."id" = ?[0m  [["id", 3]]
  ↳ app/controllers/articles_controller.rb:44:in `destroy'
  [1m[36mArticle Destroy (0.8ms)[0m  [1m[31mDELETE FROM "articles" WHERE "articles"."id" = ?[0m  [["id", 2]]
  ↳ app/controllers/articles_controller.rb:44:in `destroy'
  [1m[35m (5.2ms)[0m  [1m[36mcommit transaction[0m
  ↳ app/controllers/articles_controller.rb:44:in `destroy'
Redirected to http://localhost:3000/articles
Completed 302 Found in 280ms (ActiveRecord: 11.1ms | Allocations: 6398)


Started GET "/articles" for ::1 at 2020-02-06 17:47:50 -0500
Processing by ArticlesController#index as HTML
  Rendering articles/index.html.erb within layouts/application
  [1m[36mArticle Load (0.7ms)[0m  [1m[34mSELECT "articles".* FROM "articles"[0m
  ↳ app/views/articles/index.html.erb:11
  Rendered articles/index.html.erb within layouts/application (Duration: 34.3ms | Allocations: 604)
[Webpacker] Everything's up-to-date. Nothing to do
Completed 200 OK in 143ms (Views: 140.5ms | ActiveRecord: 0.7ms | Allocations: 5509)


Started GET "/articles/new" for ::1 at 2020-02-06 17:47:52 -0500
Processing by ArticlesController#new as HTML
  Rendering articles/new.html.erb within layouts/application
  Rendered articles/_form.html.erb (Duration: 6.8ms | Allocations: 1043)
  Rendered articles/new.html.erb within layouts/application (Duration: 35.2ms | Allocations: 1387)
[Webpacker] Everything's up-to-date. Nothing to do
Completed 200 OK in 135ms (Views: 127.1ms | ActiveRecord: 0.0ms | Allocations: 6471)


Started POST "/articles" for ::1 at 2020-02-06 17:47:57 -0500
Processing by ArticlesController#create as HTML
  Parameters: {"authenticity_token"=>"qsbVRpg9DDv+0lxroFgNPniJzEp/nsoXKk06mBlwv9TZv1puGdmy76bjDeF3Z3HhvgdAqbvn3sBqVXmo8HuuOw==", "article"=>{"title"=>"dsfsdf", "text"=>"dfgdfg"}, "commit"=>"Create Article"}
  [1m[35m (0.2ms)[0m  [1m[36mbegin transaction[0m
  ↳ app/controllers/articles_controller.rb:25:in `create'
  [1m[36mArticle Create (2.4ms)[0m  [1m[32mINSERT INTO "articles" ("title", "text", "created_at", "updated_at") VALUES (?, ?, ?, ?)[0m  [["title", "dsfsdf"], ["text", "dfgdfg"], ["created_at", "2020-02-06 22:47:57.390093"], ["updated_at", "2020-02-06 22:47:57.390093"]]
  ↳ app/controllers/articles_controller.rb:25:in `create'
  [1m[35m (7.2ms)[0m  [1m[36mcommit transaction[0m
  ↳ app/controllers/articles_controller.rb:25:in `create'
Redirected to http://localhost:3000/articles/3
Completed 302 Found in 108ms (ActiveRecord: 9.7ms | Allocations: 2593)


Started GET "/articles/3" for ::1 at 2020-02-06 17:47:57 -0500
Processing by ArticlesController#show as HTML
  Parameters: {"id"=>"3"}
  [1m[36mArticle Load (0.9ms)[0m  [1m[34mSELECT "articles".* FROM "articles" WHERE "articles"."id" = ? LIMIT ?[0m  [["id", 3], ["LIMIT", 1]]
  ↳ app/controllers/articles_controller.rb:11:in `show'
  Rendering articles/show.html.erb within layouts/application
  Rendered articles/show.html.erb within layouts/application (Duration: 7.4ms | Allocations: 935)
[Webpacker] Everything's up-to-date. Nothing to do
Completed 200 OK in 219ms (Views: 180.1ms | ActiveRecord: 0.9ms | Allocations: 6346)


Started GET "/articles/3" for ::1 at 2020-02-06 17:54:06 -0500
  [1m[35m (0.5ms)[0m  [1m[34mSELECT sqlite_version(*)[0m
Processing by ArticlesController#show as HTML
  Parameters: {"id"=>"3"}
  [1m[36mArticle Load (0.7ms)[0m  [1m[34mSELECT "articles".* FROM "articles" WHERE "articles"."id" = ? LIMIT ?[0m  [["id", 3], ["LIMIT", 1]]
  ↳ app/controllers/articles_controller.rb:11:in `show'
  Rendering articles/show.html.erb within layouts/application
  [1m[36mComment Load (0.8ms)[0m  [1m[34mSELECT "comments".* FROM "comments" WHERE "comments"."article_id" = ?[0m  [["article_id", 3]]
  ↳ app/views/articles/show.html.erb:12
  Rendered collection of templates [0 times] (Duration: 0.1ms | Allocations: 3)
  Rendered comments/_form.html.erb (Duration: 23.9ms | Allocations: 4879)
  Rendered articles/show.html.erb within layouts/application (Duration: 116.2ms | Allocations: 7478)
[Webpacker] Everything's up-to-date. Nothing to do
Completed 200 OK in 315ms (Views: 265.6ms | ActiveRecord: 1.5ms | Allocations: 17966)


Started POST "/articles/3/comments" for ::1 at 2020-02-06 17:54:12 -0500
Processing by CommentsController#create as HTML
  Parameters: {"authenticity_token"=>"t9jYkHFNIFjWEz9UluaMeKr8X38bRBXn2m/5O8UxYhJqM+5pAnQvqeBNzCbYYt0AHNKuSyGz/D32oO2GZOWlKA==", "comment"=>{"commenter"=>"dscfsdsdfsdf", "body"=>"dsfsd"}, "commit"=>"Create Comment", "article_id"=>"3"}
  [1m[36mArticle Load (0.9ms)[0m  [1m[34mSELECT "articles".* FROM "articles" WHERE "articles"."id" = ? LIMIT ?[0m  [["id", 3], ["LIMIT", 1]]
  ↳ app/controllers/comments_controller.rb:7:in `create'
  [1m[35m (0.2ms)[0m  [1m[36mbegin transaction[0m
  ↳ app/controllers/comments_controller.rb:8:in `create'
  [1m[36mComment Create (8.0ms)[0m  [1m[32mINSERT INTO "comments" ("commenter", "body", "article_id", "created_at", "updated_at") VALUES (?, ?, ?, ?, ?)[0m  [["commenter", "dscfsdsdfsdf"], ["body", "dsfsd"], ["article_id", 3], ["created_at", "2020-02-06 22:54:12.620422"], ["updated_at", "2020-02-06 22:54:12.620422"]]
  ↳ app/controllers/comments_controller.rb:8:in `create'
  [1m[35m (5.6ms)[0m  [1m[36mcommit transaction[0m
  ↳ app/controllers/comments_controller.rb:8:in `create'
Redirected to http://localhost:3000/articles/3
Completed 302 Found in 178ms (ActiveRecord: 14.8ms | Allocations: 3551)


Started GET "/articles/3" for ::1 at 2020-02-06 17:54:12 -0500
Processing by ArticlesController#show as HTML
  Parameters: {"id"=>"3"}
  [1m[36mArticle Load (0.8ms)[0m  [1m[34mSELECT "articles".* FROM "articles" WHERE "articles"."id" = ? LIMIT ?[0m  [["id", 3], ["LIMIT", 1]]
  ↳ app/controllers/articles_controller.rb:11:in `show'
  Rendering articles/show.html.erb within layouts/application
  [1m[36mComment Load (0.6ms)[0m  [1m[34mSELECT "comments".* FROM "comments" WHERE "comments"."article_id" = ?[0m  [["article_id", 3]]
  ↳ app/views/articles/show.html.erb:12
  Rendered articles/show.html.erb within layouts/application (Duration: 15.8ms | Allocations: 2063)
Completed 500 Internal Server Error in 99ms (ActiveRecord: 1.4ms | Allocations: 3053)


  
ActionView::Template::Error (Missing partial comments/_comment with {:locale=>[:en], :formats=>[:html], :variants=>[], :handlers=>[:raw, :erb, :html, :builder, :ruby, :jbuilder]}. Searched in:
  * "C:/Users/jirik/Documents/GitHub/CIS-658/Homework-4/blog/app/views"
  * "C:/Ruby26-x64/lib/ruby/gems/2.6.0/gems/actiontext-6.0.2.1/app/views"
  * "C:/Ruby26-x64/lib/ruby/gems/2.6.0/gems/actionmailbox-6.0.2.1/app/views"
):
     9: </p>
    10:  
    11: <h2>Comments</h2>
    12: <%= render @article.comments %>
    13:  
    14: <h2>Add a comment:</h2>
    15: <%= render 'comments/form' %>
  
app/views/articles/show.html.erb:12
Started GET "/articles/3" for ::1 at 2020-02-06 17:54:58 -0500
Processing by ArticlesController#show as HTML
  Parameters: {"id"=>"3"}
  [1m[36mArticle Load (0.8ms)[0m  [1m[34mSELECT "articles".* FROM "articles" WHERE "articles"."id" = ? LIMIT ?[0m  [["id", 3], ["LIMIT", 1]]
  ↳ app/controllers/articles_controller.rb:11:in `show'
  Rendering articles/show.html.erb within layouts/application
  [1m[36mComment Load (0.6ms)[0m  [1m[34mSELECT "comments".* FROM "comments" WHERE "comments"."article_id" = ?[0m  [["article_id", 3]]
  ↳ app/views/articles/show.html.erb:13
  Rendered articles/show.html.erb within layouts/application (Duration: 18.4ms | Allocations: 2252)
Completed 500 Internal Server Error in 131ms (ActiveRecord: 1.5ms | Allocations: 3986)


  
ActionView::Template::Error (Missing partial comments/_comment with {:locale=>[:en], :formats=>[:html], :variants=>[], :handlers=>[:raw, :erb, :html, :builder, :ruby, :jbuilder]}. Searched in:
  * "C:/Users/jirik/Documents/GitHub/CIS-658/Homework-4/blog/app/views"
  * "C:/Ruby26-x64/lib/ruby/gems/2.6.0/gems/actiontext-6.0.2.1/app/views"
  * "C:/Ruby26-x64/lib/ruby/gems/2.6.0/gems/actionmailbox-6.0.2.1/app/views"
):
    10: </p>
    11: 
    12: <h2>Comments</h2>
    13: <%= render @article.comments %>
    14: 
    15: <h2>Add a comment:</h2>
    16: <%= render 'comments/form' %>
  
app/views/articles/show.html.erb:13
Started GET "/articles/3" for ::1 at 2020-02-06 17:58:39 -0500
Processing by ArticlesController#show as HTML
  Parameters: {"id"=>"3"}
  [1m[36mArticle Load (0.7ms)[0m  [1m[34mSELECT "articles".* FROM "articles" WHERE "articles"."id" = ? LIMIT ?[0m  [["id", 3], ["LIMIT", 1]]
  ↳ app/controllers/articles_controller.rb:11:in `show'
  Rendering articles/show.html.erb within layouts/application
  [1m[36mComment Load (1.1ms)[0m  [1m[34mSELECT "comments".* FROM "comments" WHERE "comments"."article_id" = ?[0m  [["article_id", 3]]
  ↳ app/views/articles/show.html.erb:12
  Rendered articles/show.html.erb within layouts/application (Duration: 42.5ms | Allocations: 2348)
Completed 500 Internal Server Error in 133ms (ActiveRecord: 1.8ms | Allocations: 4078)


  
ActionView::Template::Error (Missing partial comments/_comment with {:locale=>[:en], :formats=>[:html], :variants=>[], :handlers=>[:raw, :erb, :html, :builder, :ruby, :jbuilder]}. Searched in:
  * "C:/Users/jirik/Documents/GitHub/CIS-658/Homework-4/blog/app/views"
  * "C:/Ruby26-x64/lib/ruby/gems/2.6.0/gems/actiontext-6.0.2.1/app/views"
  * "C:/Ruby26-x64/lib/ruby/gems/2.6.0/gems/actionmailbox-6.0.2.1/app/views"
):
     9: </p>
    10:  
    11: <h2>Comments</h2>
    12: <%= render @article.comments %>
    13:  
    14: <h2>Add a comment:</h2>
    15: <%= form_with(model: [ @article, @article.comments.build ], local: true) do |form| %>
  
app/views/articles/show.html.erb:12
Started GET "/articles/" for ::1 at 2020-02-06 17:58:46 -0500
Processing by ArticlesController#index as HTML
  Rendering articles/index.html.erb within layouts/application
  [1m[36mArticle Load (0.8ms)[0m  [1m[34mSELECT "articles".* FROM "articles"[0m
  ↳ app/views/articles/index.html.erb:11
  Rendered articles/index.html.erb within layouts/application (Duration: 33.4ms | Allocations: 975)
[Webpacker] Everything's up-to-date. Nothing to do
Completed 200 OK in 130ms (Views: 121.8ms | ActiveRecord: 0.8ms | Allocations: 6216)


Started GET "/articles/3" for ::1 at 2020-02-06 17:58:48 -0500
Processing by ArticlesController#show as HTML
  Parameters: {"id"=>"3"}
  [1m[36mArticle Load (0.7ms)[0m  [1m[34mSELECT "articles".* FROM "articles" WHERE "articles"."id" = ? LIMIT ?[0m  [["id", 3], ["LIMIT", 1]]
  ↳ app/controllers/articles_controller.rb:11:in `show'
  Rendering articles/show.html.erb within layouts/application
  [1m[36mComment Load (0.8ms)[0m  [1m[34mSELECT "comments".* FROM "comments" WHERE "comments"."article_id" = ?[0m  [["article_id", 3]]
  ↳ app/views/articles/show.html.erb:12
  Rendered articles/show.html.erb within layouts/application (Duration: 7.2ms | Allocations: 1750)
Completed 500 Internal Server Error in 42ms (ActiveRecord: 1.6ms | Allocations: 2713)


  
ActionView::Template::Error (Missing partial comments/_comment with {:locale=>[:en], :formats=>[:html], :variants=>[], :handlers=>[:raw, :erb, :html, :builder, :ruby, :jbuilder]}. Searched in:
  * "C:/Users/jirik/Documents/GitHub/CIS-658/Homework-4/blog/app/views"
  * "C:/Ruby26-x64/lib/ruby/gems/2.6.0/gems/actiontext-6.0.2.1/app/views"
  * "C:/Ruby26-x64/lib/ruby/gems/2.6.0/gems/actionmailbox-6.0.2.1/app/views"
):
     9: </p>
    10:  
    11: <h2>Comments</h2>
    12: <%= render @article.comments %>
    13:  
    14: <h2>Add a comment:</h2>
    15: <%= form_with(model: [ @article, @article.comments.build ], local: true) do |form| %>
  
app/views/articles/show.html.erb:12
Started GET "/articles/3" for ::1 at 2020-02-06 17:59:39 -0500
Processing by ArticlesController#show as HTML
  Parameters: {"id"=>"3"}
  [1m[36mArticle Load (0.9ms)[0m  [1m[34mSELECT "articles".* FROM "articles" WHERE "articles"."id" = ? LIMIT ?[0m  [["id", 3], ["LIMIT", 1]]
  ↳ app/controllers/articles_controller.rb:11:in `show'
  Rendering articles/show.html.erb within layouts/application
  [1m[36mComment Load (0.9ms)[0m  [1m[34mSELECT "comments".* FROM "comments" WHERE "comments"."article_id" = ?[0m  [["article_id", 3]]
  ↳ app/views/articles/show.html.erb:13
  Rendered articles/show.html.erb within layouts/application (Duration: 41.5ms | Allocations: 1945)
[Webpacker] Everything's up-to-date. Nothing to do
Completed 200 OK in 262ms (Views: 196.9ms | ActiveRecord: 1.8ms | Allocations: 8280)


Started GET "/articles" for ::1 at 2020-02-06 17:59:43 -0500
Processing by ArticlesController#index as HTML
  Rendering articles/index.html.erb within layouts/application
  [1m[36mArticle Load (0.8ms)[0m  [1m[34mSELECT "articles".* FROM "articles"[0m
  ↳ app/views/articles/index.html.erb:11
  Rendered articles/index.html.erb within layouts/application (Duration: 32.5ms | Allocations: 964)
[Webpacker] Everything's up-to-date. Nothing to do
Completed 200 OK in 128ms (Views: 121.1ms | ActiveRecord: 0.8ms | Allocations: 6022)


Started GET "/articles/3" for ::1 at 2020-02-06 17:59:45 -0500
Processing by ArticlesController#show as HTML
  Parameters: {"id"=>"3"}
  [1m[36mArticle Load (0.6ms)[0m  [1m[34mSELECT "articles".* FROM "articles" WHERE "articles"."id" = ? LIMIT ?[0m  [["id", 3], ["LIMIT", 1]]
  ↳ app/controllers/articles_controller.rb:11:in `show'
  Rendering articles/show.html.erb within layouts/application
  [1m[36mComment Load (0.6ms)[0m  [1m[34mSELECT "comments".* FROM "comments" WHERE "comments"."article_id" = ?[0m  [["article_id", 3]]
  ↳ app/views/articles/show.html.erb:13
  Rendered articles/show.html.erb within layouts/application (Duration: 69.7ms | Allocations: 1556)
[Webpacker] Everything's up-to-date. Nothing to do
Completed 200 OK in 187ms (Views: 158.7ms | ActiveRecord: 1.2ms | Allocations: 6969)


Started POST "/articles/3/comments" for ::1 at 2020-02-06 17:59:50 -0500
Processing by CommentsController#create as HTML
  Parameters: {"authenticity_token"=>"2SAJpirfTrhRms6IfnjPEPfyZtGPTdYYbQLVWoXAQJIuBxvA+Qx4K/310FakqueMlEzsAgndSu9E5+EoxtNGEA==", "comment"=>{"commenter"=>"dsfsdsdf", "body"=>"sdfsssss"}, "commit"=>"Create Comment", "article_id"=>"3"}
  [1m[36mArticle Load (0.5ms)[0m  [1m[34mSELECT "articles".* FROM "articles" WHERE "articles"."id" = ? LIMIT ?[0m  [["id", 3], ["LIMIT", 1]]
  ↳ app/controllers/comments_controller.rb:7:in `create'
  [1m[35m (0.1ms)[0m  [1m[36mbegin transaction[0m
  ↳ app/controllers/comments_controller.rb:8:in `create'
  [1m[36mComment Create (8.2ms)[0m  [1m[32mINSERT INTO "comments" ("commenter", "body", "article_id", "created_at", "updated_at") VALUES (?, ?, ?, ?, ?)[0m  [["commenter", "dsfsdsdf"], ["body", "sdfsssss"], ["article_id", 3], ["created_at", "2020-02-06 22:59:50.506758"], ["updated_at", "2020-02-06 22:59:50.506758"]]
  ↳ app/controllers/comments_controller.rb:8:in `create'
  [1m[35m (7.0ms)[0m  [1m[36mcommit transaction[0m
  ↳ app/controllers/comments_controller.rb:8:in `create'
Redirected to http://localhost:3000/articles/3
Completed 302 Found in 240ms (ActiveRecord: 15.9ms | Allocations: 3466)


Started GET "/articles/3" for ::1 at 2020-02-06 17:59:50 -0500
Processing by ArticlesController#show as HTML
  Parameters: {"id"=>"3"}
  [1m[36mArticle Load (0.5ms)[0m  [1m[34mSELECT "articles".* FROM "articles" WHERE "articles"."id" = ? LIMIT ?[0m  [["id", 3], ["LIMIT", 1]]
  ↳ app/controllers/articles_controller.rb:11:in `show'
  Rendering articles/show.html.erb within layouts/application
  [1m[36mComment Load (0.5ms)[0m  [1m[34mSELECT "comments".* FROM "comments" WHERE "comments"."article_id" = ?[0m  [["article_id", 3]]
  ↳ app/views/articles/show.html.erb:13
  Rendered articles/show.html.erb within layouts/application (Duration: 9.3ms | Allocations: 1575)
[Webpacker] Everything's up-to-date. Nothing to do
Completed 200 OK in 140ms (Views: 108.2ms | ActiveRecord: 1.0ms | Allocations: 6993)


Started GET "/articles/3" for ::1 at 2020-02-06 18:03:07 -0500
  [1m[35m (0.1ms)[0m  [1m[34mSELECT sqlite_version(*)[0m
Processing by ArticlesController#show as HTML
  Parameters: {"id"=>"3"}
  [1m[36mArticle Load (0.9ms)[0m  [1m[34mSELECT "articles".* FROM "articles" WHERE "articles"."id" = ? LIMIT ?[0m  [["id", 3], ["LIMIT", 1]]
  ↳ app/controllers/articles_controller.rb:11:in `show'
  Rendering articles/show.html.erb within layouts/application
  [1m[36mComment Load (0.8ms)[0m  [1m[34mSELECT "comments".* FROM "comments" WHERE "comments"."article_id" = ?[0m  [["article_id", 3]]
  ↳ app/views/articles/show.html.erb:13
  Rendered articles/show.html.erb within layouts/application (Duration: 68.5ms | Allocations: 7456)
[Webpacker] Everything's up-to-date. Nothing to do
Completed 200 OK in 228ms (Views: 168.2ms | ActiveRecord: 8.3ms | Allocations: 18245)


Started GET "/articles/3" for ::1 at 2020-02-06 18:03:23 -0500
Processing by ArticlesController#show as HTML
  Parameters: {"id"=>"3"}
  [1m[36mArticle Load (0.7ms)[0m  [1m[34mSELECT "articles".* FROM "articles" WHERE "articles"."id" = ? LIMIT ?[0m  [["id", 3], ["LIMIT", 1]]
  ↳ app/controllers/articles_controller.rb:11:in `show'
  Rendering articles/show.html.erb within layouts/application
  [1m[36mComment Load (1.0ms)[0m  [1m[34mSELECT "comments".* FROM "comments" WHERE "comments"."article_id" = ?[0m  [["article_id", 3]]
  ↳ app/views/articles/show.html.erb:13
  Rendered articles/show.html.erb within layouts/application (Duration: 50.0ms | Allocations: 2273)
Completed 500 Internal Server Error in 183ms (ActiveRecord: 1.7ms | Allocations: 3986)


  
ActionView::Template::Error (Missing partial comments/_comment with {:locale=>[:en], :formats=>[:html], :variants=>[], :handlers=>[:raw, :erb, :html, :builder, :ruby, :jbuilder]}. Searched in:
  * "C:/Users/jirik/Documents/GitHub/CIS-658/Homework-4/blog/app/views"
  * "C:/Ruby26-x64/lib/ruby/gems/2.6.0/gems/actiontext-6.0.2.1/app/views"
  * "C:/Ruby26-x64/lib/ruby/gems/2.6.0/gems/actionmailbox-6.0.2.1/app/views"
):
    10: </p>
    11: 
    12: <h2>Comments</h2>
    13: <%= render @article.comments %>
    14: 
    15: <h2>Add a comment:</h2>
    16: <%= render 'comments/form' %>
  
app/views/articles/show.html.erb:13
Started GET "/articles/3" for ::1 at 2020-02-06 18:03:51 -0500
Processing by ArticlesController#show as HTML
  Parameters: {"id"=>"3"}
  [1m[36mArticle Load (0.7ms)[0m  [1m[34mSELECT "articles".* FROM "articles" WHERE "articles"."id" = ? LIMIT ?[0m  [["id", 3], ["LIMIT", 1]]
  ↳ app/controllers/articles_controller.rb:11:in `show'
  Rendering articles/show.html.erb within layouts/application
  Rendered comments/_form.html.erb (Duration: 9.7ms | Allocations: 1071)
  Rendered articles/show.html.erb within layouts/application (Duration: 35.6ms | Allocations: 1556)
[Webpacker] Everything's up-to-date. Nothing to do
Completed 200 OK in 167ms (Views: 128.1ms | ActiveRecord: 0.7ms | Allocations: 7893)


Started GET "/articles/3" for ::1 at 2020-02-06 18:04:17 -0500
Processing by ArticlesController#show as HTML
  Parameters: {"id"=>"3"}
  [1m[36mArticle Load (0.5ms)[0m  [1m[34mSELECT "articles".* FROM "articles" WHERE "articles"."id" = ? LIMIT ?[0m  [["id", 3], ["LIMIT", 1]]
  ↳ app/controllers/articles_controller.rb:11:in `show'
  Rendering articles/show.html.erb within layouts/application
  [1m[36mComment Load (1.0ms)[0m  [1m[34mSELECT "comments".* FROM "comments" WHERE "comments"."article_id" = ?[0m  [["article_id", 3]]
  ↳ app/views/articles/show.html.erb:13
  Rendered articles/show.html.erb within layouts/application (Duration: 49.5ms | Allocations: 2256)
Completed 500 Internal Server Error in 135ms (ActiveRecord: 1.5ms | Allocations: 3962)


  
ActionView::Template::Error (Missing partial comments/_comment with {:locale=>[:en], :formats=>[:html], :variants=>[], :handlers=>[:raw, :erb, :html, :builder, :ruby, :jbuilder]}. Searched in:
  * "C:/Users/jirik/Documents/GitHub/CIS-658/Homework-4/blog/app/views"
  * "C:/Ruby26-x64/lib/ruby/gems/2.6.0/gems/actiontext-6.0.2.1/app/views"
  * "C:/Ruby26-x64/lib/ruby/gems/2.6.0/gems/actionmailbox-6.0.2.1/app/views"
):
    10: </p>
    11: 
    12: <h2>Comments</h2>
    13: <%= render @article.comments %>
    14: 
    15: <h2>Add a comment:</h2>
    16: <%= render 'comments/form' %>
  
app/views/articles/show.html.erb:13
Started GET "/articles/3" for ::1 at 2020-02-06 18:07:54 -0500
Processing by ArticlesController#show as HTML
  Parameters: {"id"=>"3"}
  [1m[36mArticle Load (0.9ms)[0m  [1m[34mSELECT "articles".* FROM "articles" WHERE "articles"."id" = ? LIMIT ?[0m  [["id", 3], ["LIMIT", 1]]
  ↳ app/controllers/articles_controller.rb:11:in `show'
  Rendering articles/show.html.erb within layouts/application
  Rendered articles/show.html.erb within layouts/application (Duration: 9.8ms | Allocations: 1232)
[Webpacker] Everything's up-to-date. Nothing to do
Completed 200 OK in 160ms (Views: 119.7ms | ActiveRecord: 0.9ms | Allocations: 7575)


Started POST "/articles/3/comments" for ::1 at 2020-02-06 18:08:00 -0500
Processing by CommentsController#create as HTML
  Parameters: {"authenticity_token"=>"vrbqH/pK8xok6KFZ6r+oK+rTRa+6IXM8vELZkDHBwN5jXdzmiXP86xK2UiukO/lTXP20m4DWmuaQjc0tkBUH5A==", "comment"=>{"commenter"=>"dsaas", "body"=>"mnbmn"}, "commit"=>"Create Comment", "article_id"=>"3"}
  [1m[36mArticle Load (1.1ms)[0m  [1m[34mSELECT "articles".* FROM "articles" WHERE "articles"."id" = ? LIMIT ?[0m  [["id", 3], ["LIMIT", 1]]
  ↳ app/controllers/comments_controller.rb:4:in `create'
  [1m[35m (0.2ms)[0m  [1m[36mbegin transaction[0m
  ↳ app/controllers/comments_controller.rb:5:in `create'
  [1m[36mComment Create (8.0ms)[0m  [1m[32mINSERT INTO "comments" ("commenter", "body", "article_id", "created_at", "updated_at") VALUES (?, ?, ?, ?, ?)[0m  [["commenter", "dsaas"], ["body", "mnbmn"], ["article_id", 3], ["created_at", "2020-02-06 23:08:00.636188"], ["updated_at", "2020-02-06 23:08:00.636188"]]
  ↳ app/controllers/comments_controller.rb:5:in `create'
  [1m[35m (6.5ms)[0m  [1m[36mcommit transaction[0m
  ↳ app/controllers/comments_controller.rb:5:in `create'
Redirected to http://localhost:3000/articles/3
Completed 302 Found in 103ms (ActiveRecord: 15.6ms | Allocations: 3509)


Started GET "/articles/3" for ::1 at 2020-02-06 18:08:00 -0500
Processing by ArticlesController#show as HTML
  Parameters: {"id"=>"3"}
  [1m[36mArticle Load (0.6ms)[0m  [1m[34mSELECT "articles".* FROM "articles" WHERE "articles"."id" = ? LIMIT ?[0m  [["id", 3], ["LIMIT", 1]]
  ↳ app/controllers/articles_controller.rb:11:in `show'
  Rendering articles/show.html.erb within layouts/application
  Rendered articles/show.html.erb within layouts/application (Duration: 4.4ms | Allocations: 942)
[Webpacker] Everything's up-to-date. Nothing to do
Completed 200 OK in 155ms (Views: 105.4ms | ActiveRecord: 0.6ms | Allocations: 6369)


Started GET "/articles/3" for ::1 at 2020-02-06 18:08:27 -0500
  [1m[35m (0.2ms)[0m  [1m[34mSELECT sqlite_version(*)[0m
Processing by ArticlesController#show as HTML
  Parameters: {"id"=>"3"}
  [1m[36mArticle Load (0.8ms)[0m  [1m[34mSELECT "articles".* FROM "articles" WHERE "articles"."id" = ? LIMIT ?[0m  [["id", 3], ["LIMIT", 1]]
  ↳ app/controllers/articles_controller.rb:11:in `show'
  Rendering articles/show.html.erb within layouts/application
  [1m[36mComment Load (1.1ms)[0m  [1m[34mSELECT "comments".* FROM "comments" WHERE "comments"."article_id" = ?[0m  [["article_id", 3]]
  ↳ app/views/articles/show.html.erb:12
  Rendered articles/show.html.erb within layouts/application (Duration: 60.0ms | Allocations: 7478)
[Webpacker] Everything's up-to-date. Nothing to do
Completed 200 OK in 235ms (Views: 148.2ms | ActiveRecord: 9.7ms | Allocations: 18256)


Started GET "/articles" for ::1 at 2020-02-06 18:08:37 -0500
Processing by ArticlesController#index as HTML
  Rendering articles/index.html.erb within layouts/application
  [1m[36mArticle Load (1.0ms)[0m  [1m[34mSELECT "articles".* FROM "articles"[0m
  ↳ app/views/articles/index.html.erb:11
  Rendered articles/index.html.erb within layouts/application (Duration: 32.8ms | Allocations: 977)
[Webpacker] Everything's up-to-date. Nothing to do
Completed 200 OK in 126ms (Views: 118.5ms | ActiveRecord: 1.0ms | Allocations: 6030)


Started DELETE "/articles/3" for ::1 at 2020-02-06 18:08:40 -0500
Processing by ArticlesController#destroy as HTML
  Parameters: {"authenticity_token"=>"LTU7QDyfI/HHeGW8WD1bKq8vFli/ruq1fKuc9EdBzNfw3g25T6YsAPEmls4WuQpSGQHnbIVZA29QZIhJ5pUL7Q==", "id"=>"3"}
  [1m[36mArticle Load (0.6ms)[0m  [1m[34mSELECT "articles".* FROM "articles" WHERE "articles"."id" = ? LIMIT ?[0m  [["id", 3], ["LIMIT", 1]]
  ↳ app/controllers/articles_controller.rb:43:in `destroy'
  [1m[35m (0.2ms)[0m  [1m[36mbegin transaction[0m
  ↳ app/controllers/articles_controller.rb:44:in `destroy'
  [1m[36mComment Load (0.6ms)[0m  [1m[34mSELECT "comments".* FROM "comments" WHERE "comments"."article_id" = ?[0m  [["article_id", 3]]
  ↳ app/controllers/articles_controller.rb:44:in `destroy'
  [1m[36mComment Destroy (7.8ms)[0m  [1m[31mDELETE FROM "comments" WHERE "comments"."id" = ?[0m  [["id", 4]]
  ↳ app/controllers/articles_controller.rb:44:in `destroy'
  [1m[36mComment Destroy (0.8ms)[0m  [1m[31mDELETE FROM "comments" WHERE "comments"."id" = ?[0m  [["id", 5]]
  ↳ app/controllers/articles_controller.rb:44:in `destroy'
  [1m[36mComment Destroy (0.5ms)[0m  [1m[31mDELETE FROM "comments" WHERE "comments"."id" = ?[0m  [["id", 6]]
  ↳ app/controllers/articles_controller.rb:44:in `destroy'
  [1m[36mArticle Destroy (0.5ms)[0m  [1m[31mDELETE FROM "articles" WHERE "articles"."id" = ?[0m  [["id", 3]]
  ↳ app/controllers/articles_controller.rb:44:in `destroy'
  [1m[35m (6.8ms)[0m  [1m[36mcommit transaction[0m
  ↳ app/controllers/articles_controller.rb:44:in `destroy'
Redirected to http://localhost:3000/articles
Completed 302 Found in 255ms (ActiveRecord: 17.8ms | Allocations: 6378)


Started GET "/articles" for ::1 at 2020-02-06 18:08:40 -0500
Processing by ArticlesController#index as HTML
  Rendering articles/index.html.erb within layouts/application
  [1m[36mArticle Load (0.5ms)[0m  [1m[34mSELECT "articles".* FROM "articles"[0m
  ↳ app/views/articles/index.html.erb:11
  Rendered articles/index.html.erb within layouts/application (Duration: 4.7ms | Allocations: 604)
[Webpacker] Everything's up-to-date. Nothing to do
Completed 200 OK in 137ms (Views: 134.3ms | ActiveRecord: 0.5ms | Allocations: 5513)


Started GET "/articles/new" for ::1 at 2020-02-06 18:08:42 -0500
Processing by ArticlesController#new as HTML
  Rendering articles/new.html.erb within layouts/application
  Rendered articles/_form.html.erb (Duration: 6.4ms | Allocations: 1046)
  Rendered articles/new.html.erb within layouts/application (Duration: 28.7ms | Allocations: 1395)
[Webpacker] Everything's up-to-date. Nothing to do
Completed 200 OK in 121ms (Views: 115.2ms | ActiveRecord: 0.0ms | Allocations: 6478)


Started POST "/articles" for ::1 at 2020-02-06 18:08:49 -0500
Processing by ArticlesController#create as HTML
  Parameters: {"authenticity_token"=>"gLRmhANFPx2Y1fa5+Wi7v5poRF12hys9Ws1cl6vFl2rzzemsgqGBycDkpzMuV8dgXObIvrL+P+oa1R+nQs6GhQ==", "article"=>{"title"=>"test", "text"=>"test"}, "commit"=>"Create Article"}
  Rendering articles/new.html.erb within layouts/application
  Rendered articles/_form.html.erb (Duration: 3.3ms | Allocations: 866)
  Rendered articles/new.html.erb within layouts/application (Duration: 4.9ms | Allocations: 957)
[Webpacker] Everything's up-to-date. Nothing to do
Completed 200 OK in 90ms (Views: 84.6ms | ActiveRecord: 0.0ms | Allocations: 6818)


Started POST "/articles" for ::1 at 2020-02-06 18:08:55 -0500
Processing by ArticlesController#create as HTML
  Parameters: {"authenticity_token"=>"LlX2ucDj3+mpmC7KEBLZwu+GCYvDx0T1NFgDI808Jv/zvsBAs9rQGJ/G3bheloi6Waj4v/kwrS8YlxeebOjhxQ==", "article"=>{"title"=>"testing", "text"=>"test"}, "commit"=>"Create Article"}
  [1m[35m (0.2ms)[0m  [1m[36mbegin transaction[0m
  ↳ app/controllers/articles_controller.rb:25:in `create'
  [1m[36mArticle Create (7.7ms)[0m  [1m[32mINSERT INTO "articles" ("title", "text", "created_at", "updated_at") VALUES (?, ?, ?, ?)[0m  [["title", "testing"], ["text", "test"], ["created_at", "2020-02-06 23:08:56.060624"], ["updated_at", "2020-02-06 23:08:56.060624"]]
  ↳ app/controllers/articles_controller.rb:25:in `create'
  [1m[35m (5.3ms)[0m  [1m[36mcommit transaction[0m
  ↳ app/controllers/articles_controller.rb:25:in `create'
Redirected to http://localhost:3000/articles/4
Completed 302 Found in 94ms (ActiveRecord: 13.2ms | Allocations: 2663)


Started GET "/articles/4" for ::1 at 2020-02-06 18:08:56 -0500
Processing by ArticlesController#show as HTML
  Parameters: {"id"=>"4"}
  [1m[36mArticle Load (0.5ms)[0m  [1m[34mSELECT "articles".* FROM "articles" WHERE "articles"."id" = ? LIMIT ?[0m  [["id", 4], ["LIMIT", 1]]
  ↳ app/controllers/articles_controller.rb:11:in `show'
  Rendering articles/show.html.erb within layouts/application
  [1m[36mComment Load (0.6ms)[0m  [1m[34mSELECT "comments".* FROM "comments" WHERE "comments"."article_id" = ?[0m  [["article_id", 4]]
  ↳ app/views/articles/show.html.erb:12
  Rendered articles/show.html.erb within layouts/application (Duration: 31.6ms | Allocations: 1531)
[Webpacker] Everything's up-to-date. Nothing to do
Completed 200 OK in 147ms (Views: 97.2ms | ActiveRecord: 1.1ms | Allocations: 6955)


Started GET "/articles/4" for ::1 at 2020-02-06 18:09:52 -0500
Processing by ArticlesController#show as HTML
  Parameters: {"id"=>"4"}
  [1m[36mArticle Load (0.7ms)[0m  [1m[34mSELECT "articles".* FROM "articles" WHERE "articles"."id" = ? LIMIT ?[0m  [["id", 4], ["LIMIT", 1]]
  ↳ app/controllers/articles_controller.rb:11:in `show'
  Rendering articles/show.html.erb within layouts/application
  [1m[36mComment Load (0.6ms)[0m  [1m[34mSELECT "comments".* FROM "comments" WHERE "comments"."article_id" = ?[0m  [["article_id", 4]]
  ↳ app/views/articles/show.html.erb:13
  Rendered collection of templates [0 times] (Duration: 0.1ms | Allocations: 3)
  Rendered comments/_form.html.erb (Duration: 5.6ms | Allocations: 1011)
  Rendered articles/show.html.erb within layouts/application (Duration: 67.1ms | Allocations: 2271)
[Webpacker] Everything's up-to-date. Nothing to do
Completed 200 OK in 190ms (Views: 156.0ms | ActiveRecord: 1.2ms | Allocations: 8616)


Started POST "/articles/4/comments" for ::1 at 2020-02-06 18:09:59 -0500
Processing by CommentsController#create as HTML
  Parameters: {"authenticity_token"=>"VK1lCdW3Thfvih6b2taEPtLhB1f3w0jpZVRUbs2VuZuJRlPwpo5B5tnU7emUUtVGZM/2Y800oTNJm0DTbEF+oQ==", "comment"=>{"commenter"=>"sdfsdfsdfs", "body"=>"sdfsdf"}, "commit"=>"Create Comment", "article_id"=>"4"}
  [1m[36mArticle Load (0.8ms)[0m  [1m[34mSELECT "articles".* FROM "articles" WHERE "articles"."id" = ? LIMIT ?[0m  [["id", 4], ["LIMIT", 1]]
  ↳ app/controllers/comments_controller.rb:4:in `create'
  [1m[35m (0.1ms)[0m  [1m[36mbegin transaction[0m
  ↳ app/controllers/comments_controller.rb:5:in `create'
  [1m[36mComment Create (7.8ms)[0m  [1m[32mINSERT INTO "comments" ("commenter", "body", "article_id", "created_at", "updated_at") VALUES (?, ?, ?, ?, ?)[0m  [["commenter", "sdfsdfsdfs"], ["body", "sdfsdf"], ["article_id", 4], ["created_at", "2020-02-06 23:09:59.936200"], ["updated_at", "2020-02-06 23:09:59.936200"]]
  ↳ app/controllers/comments_controller.rb:5:in `create'
  [1m[35m (6.3ms)[0m  [1m[36mcommit transaction[0m
  ↳ app/controllers/comments_controller.rb:5:in `create'
Redirected to http://localhost:3000/articles/4
Completed 302 Found in 129ms (ActiveRecord: 15.0ms | Allocations: 3476)


Started GET "/articles/4" for ::1 at 2020-02-06 18:10:00 -0500
Processing by ArticlesController#show as HTML
  Parameters: {"id"=>"4"}
  [1m[36mArticle Load (0.6ms)[0m  [1m[34mSELECT "articles".* FROM "articles" WHERE "articles"."id" = ? LIMIT ?[0m  [["id", 4], ["LIMIT", 1]]
  ↳ app/controllers/articles_controller.rb:11:in `show'
  Rendering articles/show.html.erb within layouts/application
  [1m[36mComment Load (0.6ms)[0m  [1m[34mSELECT "comments".* FROM "comments" WHERE "comments"."article_id" = ?[0m  [["article_id", 4]]
  ↳ app/views/articles/show.html.erb:13
  Rendered collection of comments/_comment.html.erb [1 times] (Duration: 2.7ms | Allocations: 298)
  Rendered comments/_form.html.erb (Duration: 7.1ms | Allocations: 800)
  Rendered articles/show.html.erb within layouts/application (Duration: 68.8ms | Allocations: 2222)
[Webpacker] Everything's up-to-date. Nothing to do
Completed 200 OK in 168ms (Views: 140.0ms | ActiveRecord: 1.2ms | Allocations: 7636)


Started DELETE "/articles/4/comments/7" for ::1 at 2020-02-06 18:10:03 -0500
  
AbstractController::ActionNotFound (The action 'destroy' could not be found for CommentsController):
  
actionpack (6.0.2.1) lib/abstract_controller/base.rb:131:in `process'
actionview (6.0.2.1) lib/action_view/rendering.rb:39:in `process'
actionpack (6.0.2.1) lib/action_controller/metal.rb:191:in `dispatch'
actionpack (6.0.2.1) lib/action_controller/metal.rb:252:in `dispatch'
actionpack (6.0.2.1) lib/action_dispatch/routing/route_set.rb:51:in `dispatch'
actionpack (6.0.2.1) lib/action_dispatch/routing/route_set.rb:33:in `serve'
actionpack (6.0.2.1) lib/action_dispatch/journey/router.rb:49:in `block in serve'
actionpack (6.0.2.1) lib/action_dispatch/journey/router.rb:32:in `each'
actionpack (6.0.2.1) lib/action_dispatch/journey/router.rb:32:in `serve'
actionpack (6.0.2.1) lib/action_dispatch/routing/route_set.rb:837:in `call'
rack (2.1.2) lib/rack/tempfile_reaper.rb:17:in `call'
rack (2.1.2) lib/rack/etag.rb:27:in `call'
rack (2.1.2) lib/rack/conditional_get.rb:40:in `call'
rack (2.1.2) lib/rack/head.rb:14:in `call'
actionpack (6.0.2.1) lib/action_dispatch/http/content_security_policy.rb:18:in `call'
rack (2.1.2) lib/rack/session/abstract/id.rb:269:in `context'
rack (2.1.2) lib/rack/session/abstract/id.rb:263:in `call'
actionpack (6.0.2.1) lib/action_dispatch/middleware/cookies.rb:648:in `call'
activerecord (6.0.2.1) lib/active_record/migration.rb:567:in `call'
actionpack (6.0.2.1) lib/action_dispatch/middleware/callbacks.rb:27:in `block in call'
activesupport (6.0.2.1) lib/active_support/callbacks.rb:101:in `run_callbacks'
actionpack (6.0.2.1) lib/action_dispatch/middleware/callbacks.rb:26:in `call'
actionpack (6.0.2.1) lib/action_dispatch/middleware/executor.rb:14:in `call'
actionpack (6.0.2.1) lib/action_dispatch/middleware/actionable_exceptions.rb:17:in `call'
actionpack (6.0.2.1) lib/action_dispatch/middleware/debug_exceptions.rb:32:in `call'
web-console (4.0.1) lib/web_console/middleware.rb:132:in `call_app'
web-console (4.0.1) lib/web_console/middleware.rb:28:in `block in call'
web-console (4.0.1) lib/web_console/middleware.rb:17:in `catch'
web-console (4.0.1) lib/web_console/middleware.rb:17:in `call'
actionpack (6.0.2.1) lib/action_dispatch/middleware/show_exceptions.rb:33:in `call'
railties (6.0.2.1) lib/rails/rack/logger.rb:38:in `call_app'
railties (6.0.2.1) lib/rails/rack/logger.rb:26:in `block in call'
activesupport (6.0.2.1) lib/active_support/tagged_logging.rb:80:in `block in tagged'
activesupport (6.0.2.1) lib/active_support/tagged_logging.rb:28:in `tagged'
activesupport (6.0.2.1) lib/active_support/tagged_logging.rb:80:in `tagged'
railties (6.0.2.1) lib/rails/rack/logger.rb:26:in `call'
sprockets-rails (3.2.1) lib/sprockets/rails/quiet_assets.rb:13:in `call'
actionpack (6.0.2.1) lib/action_dispatch/middleware/remote_ip.rb:81:in `call'
actionpack (6.0.2.1) lib/action_dispatch/middleware/request_id.rb:27:in `call'
rack (2.1.2) lib/rack/method_override.rb:24:in `call'
rack (2.1.2) lib/rack/runtime.rb:24:in `call'
activesupport (6.0.2.1) lib/active_support/cache/strategy/local_cache_middleware.rb:29:in `call'
actionpack (6.0.2.1) lib/action_dispatch/middleware/executor.rb:14:in `call'
actionpack (6.0.2.1) lib/action_dispatch/middleware/static.rb:126:in `call'
rack (2.1.2) lib/rack/sendfile.rb:113:in `call'
actionpack (6.0.2.1) lib/action_dispatch/middleware/host_authorization.rb:83:in `call'
webpacker (4.2.2) lib/webpacker/dev_server_proxy.rb:23:in `perform_request'
rack-proxy (0.6.5) lib/rack/proxy.rb:57:in `call'
railties (6.0.2.1) lib/rails/engine.rb:526:in `call'
puma (4.3.1) lib/puma/configuration.rb:228:in `call'
puma (4.3.1) lib/puma/server.rb:681:in `handle_request'
puma (4.3.1) lib/puma/server.rb:472:in `process_client'
puma (4.3.1) lib/puma/server.rb:328:in `block in run'
puma (4.3.1) lib/puma/thread_pool.rb:134:in `block in spawn_thread'
Started GET "/articles" for ::1 at 2020-02-06 18:11:32 -0500
  [1m[35m (0.2ms)[0m  [1m[34mSELECT sqlite_version(*)[0m
Processing by ArticlesController#index as HTML
  Rendering articles/index.html.erb within layouts/application
  [1m[36mArticle Load (1.1ms)[0m  [1m[34mSELECT "articles".* FROM "articles"[0m
  ↳ app/views/articles/index.html.erb:11
  Rendered articles/index.html.erb within layouts/application (Duration: 27.8ms | Allocations: 4348)
[Webpacker] Everything's up-to-date. Nothing to do
Completed 200 OK in 103ms (Views: 83.7ms | ActiveRecord: 4.6ms | Allocations: 10611)


Started GET "/articles" for ::1 at 2020-02-06 19:58:17 -0500
  [1m[35m (1.1ms)[0m  [1m[34mSELECT sqlite_version(*)[0m
Processing by ArticlesController#index as HTML
  Rendering articles/index.html.erb within layouts/application
  [1m[36mArticle Load (1.8ms)[0m  [1m[34mSELECT "articles".* FROM "articles"[0m
  ↳ app/views/articles/index.html.erb:11
  Rendered articles/index.html.erb within layouts/application (Duration: 31.9ms | Allocations: 739)
[Webpacker] Everything's up-to-date. Nothing to do
Completed 200 OK in 135ms (Views: 122.9ms | ActiveRecord: 1.8ms | Allocations: 5656)


Started GET "/articles/4/edit" for ::1 at 2020-02-06 19:58:31 -0500
Processing by ArticlesController#edit as HTML
  Parameters: {"id"=>"4"}
  [1m[36mArticle Load (0.8ms)[0m  [1m[34mSELECT "articles".* FROM "articles" WHERE "articles"."id" = ? LIMIT ?[0m  [["id", 4], ["LIMIT", 1]]
  ↳ app/controllers/articles_controller.rb:19:in `edit'
  Rendering articles/edit.html.erb within layouts/application
  Rendered articles/_form.html.erb (Duration: 15.4ms | Allocations: 1156)
  Rendered articles/edit.html.erb within layouts/application (Duration: 34.1ms | Allocations: 1498)
[Webpacker] Everything's up-to-date. Nothing to do
Completed 200 OK in 150ms (Views: 122.2ms | ActiveRecord: 0.8ms | Allocations: 7193)


Started PATCH "/articles/4" for ::1 at 2020-02-06 19:58:34 -0500
Processing by ArticlesController#update as HTML
  Parameters: {"authenticity_token"=>"/XG89SMY2Q3KZnXIz/6mY0sz4myj0lm6F5osaeGG3D817ynEDsnq5XRnI8y1ugT3PwYZW+3X7Tbd6X4k8JFAXw==", "article"=>{"title"=>"testing", "text"=>"test"}, "commit"=>"Update Article", "id"=>"4"}
  [1m[36mArticle Load (0.7ms)[0m  [1m[34mSELECT "articles".* FROM "articles" WHERE "articles"."id" = ? LIMIT ?[0m  [["id", 4], ["LIMIT", 1]]
  ↳ app/controllers/articles_controller.rb:33:in `update'
Redirected to http://localhost:3000/articles/4
Completed 302 Found in 58ms (ActiveRecord: 0.7ms | Allocations: 1341)


Started GET "/articles/4" for ::1 at 2020-02-06 19:58:34 -0500
Processing by ArticlesController#show as HTML
  Parameters: {"id"=>"4"}
  [1m[36mArticle Load (1.0ms)[0m  [1m[34mSELECT "articles".* FROM "articles" WHERE "articles"."id" = ? LIMIT ?[0m  [["id", 4], ["LIMIT", 1]]
  ↳ app/controllers/articles_controller.rb:11:in `show'
  Rendering articles/show.html.erb within layouts/application
  [1m[36mComment Load (1.0ms)[0m  [1m[34mSELECT "comments".* FROM "comments" WHERE "comments"."article_id" = ?[0m  [["article_id", 4]]
  ↳ app/views/articles/show.html.erb:13
  Rendered collection of comments/_comment.html.erb [1 times] (Duration: 2.4ms | Allocations: 177)
  Rendered comments/_form.html.erb (Duration: 7.3ms | Allocations: 802)
  Rendered articles/show.html.erb within layouts/application (Duration: 95.8ms | Allocations: 7601)
[Webpacker] Everything's up-to-date. Nothing to do
Completed 200 OK in 196ms (Views: 162.3ms | ActiveRecord: 5.4ms | Allocations: 12929)


Started GET "/articles" for ::1 at 2020-02-06 19:58:38 -0500
Processing by ArticlesController#index as HTML
  Rendering articles/index.html.erb within layouts/application
  [1m[36mArticle Load (0.9ms)[0m  [1m[34mSELECT "articles".* FROM "articles"[0m
  ↳ app/views/articles/index.html.erb:11
  Rendered articles/index.html.erb within layouts/application (Duration: 20.3ms | Allocations: 722)
[Webpacker] Everything's up-to-date. Nothing to do
Completed 200 OK in 118ms (Views: 115.1ms | ActiveRecord: 0.9ms | Allocations: 5614)


Started GET "/articles/new" for ::1 at 2020-02-06 19:59:44 -0500
Processing by ArticlesController#new as HTML
  Rendering articles/new.html.erb within layouts/application
  Rendered articles/_form.html.erb (Duration: 3.5ms | Allocations: 715)
  Rendered articles/new.html.erb within layouts/application (Duration: 23.6ms | Allocations: 924)
[Webpacker] Everything's up-to-date. Nothing to do
Completed 200 OK in 110ms (Views: 103.4ms | ActiveRecord: 0.0ms | Allocations: 6010)


Started POST "/articles" for ::1 at 2020-02-06 19:59:51 -0500
Processing by ArticlesController#create as HTML
  Parameters: {"authenticity_token"=>"xtiZsvG+ur/qyEoVsIwDRCf9/CrISJfsnJEu1KF92H+1oRaacFoEa7L5G59ns3+b4XNwyQwxgzvciW3kSHbJkA==", "article"=>{"title"=>"testing", "text"=>"test"}, "commit"=>"Create Article"}
  [1m[35m (0.2ms)[0m  [1m[36mbegin transaction[0m
  ↳ app/controllers/articles_controller.rb:25:in `create'
  [1m[36mArticle Create (7.8ms)[0m  [1m[32mINSERT INTO "articles" ("title", "text", "created_at", "updated_at") VALUES (?, ?, ?, ?)[0m  [["title", "testing"], ["text", "test"], ["created_at", "2020-02-07 00:59:52.086870"], ["updated_at", "2020-02-07 00:59:52.086870"]]
  ↳ app/controllers/articles_controller.rb:25:in `create'
  [1m[35m (6.2ms)[0m  [1m[36mcommit transaction[0m
  ↳ app/controllers/articles_controller.rb:25:in `create'
Redirected to http://localhost:3000/articles/5
Completed 302 Found in 71ms (ActiveRecord: 14.1ms | Allocations: 2619)


Started GET "/articles/5" for ::1 at 2020-02-06 19:59:52 -0500
Processing by ArticlesController#show as HTML
  Parameters: {"id"=>"5"}
  [1m[36mArticle Load (1.1ms)[0m  [1m[34mSELECT "articles".* FROM "articles" WHERE "articles"."id" = ? LIMIT ?[0m  [["id", 5], ["LIMIT", 1]]
  ↳ app/controllers/articles_controller.rb:11:in `show'
  Rendering articles/show.html.erb within layouts/application
  [1m[36mComment Load (1.0ms)[0m  [1m[34mSELECT "comments".* FROM "comments" WHERE "comments"."article_id" = ?[0m  [["article_id", 5]]
  ↳ app/views/articles/show.html.erb:13
  Rendered collection of templates [0 times] (Duration: 0.1ms | Allocations: 3)
  Rendered comments/_form.html.erb (Duration: 5.8ms | Allocations: 808)
  Rendered articles/show.html.erb within layouts/application (Duration: 51.6ms | Allocations: 1723)
[Webpacker] Everything's up-to-date. Nothing to do
Completed 200 OK in 150ms (Views: 116.4ms | ActiveRecord: 2.1ms | Allocations: 7138)


Started POST "/articles/5/comments" for ::1 at 2020-02-06 20:00:07 -0500
Processing by CommentsController#create as HTML
  Parameters: {"authenticity_token"=>"by0YJUtZY5TZae5wHTrlLzwTSDRKtTRTXfmNnfgHU5qyxi7cOGBsZe83HQJTvrRXij25AHBC3YlxNpkgWdOUoA==", "comment"=>{"commenter"=>"commenter", "body"=>"comment"}, "commit"=>"Create Comment", "article_id"=>"5"}
  [1m[36mArticle Load (0.7ms)[0m  [1m[34mSELECT "articles".* FROM "articles" WHERE "articles"."id" = ? LIMIT ?[0m  [["id", 5], ["LIMIT", 1]]
  ↳ app/controllers/comments_controller.rb:7:in `create'
  [1m[35m (0.2ms)[0m  [1m[36mbegin transaction[0m
  ↳ app/controllers/comments_controller.rb:8:in `create'
  [1m[36mComment Create (8.5ms)[0m  [1m[32mINSERT INTO "comments" ("commenter", "body", "article_id", "created_at", "updated_at") VALUES (?, ?, ?, ?, ?)[0m  [["commenter", "commenter"], ["body", "comment"], ["article_id", 5], ["created_at", "2020-02-07 01:00:07.514781"], ["updated_at", "2020-02-07 01:00:07.514781"]]
  ↳ app/controllers/comments_controller.rb:8:in `create'
  [1m[35m (5.2ms)[0m  [1m[36mcommit transaction[0m
  ↳ app/controllers/comments_controller.rb:8:in `create'
Redirected to http://localhost:3000/articles/5
Completed 302 Found in 130ms (ActiveRecord: 14.6ms | Allocations: 3553)


Started GET "/articles/5" for ::1 at 2020-02-06 20:00:07 -0500
Processing by ArticlesController#show as HTML
  Parameters: {"id"=>"5"}
  [1m[36mArticle Load (0.6ms)[0m  [1m[34mSELECT "articles".* FROM "articles" WHERE "articles"."id" = ? LIMIT ?[0m  [["id", 5], ["LIMIT", 1]]
  ↳ app/controllers/articles_controller.rb:11:in `show'
  Rendering articles/show.html.erb within layouts/application
  [1m[36mComment Load (0.5ms)[0m  [1m[34mSELECT "comments".* FROM "comments" WHERE "comments"."article_id" = ?[0m  [["article_id", 5]]
  ↳ app/views/articles/show.html.erb:13
  Rendered collection of comments/_comment.html.erb [1 times] (Duration: 1.5ms | Allocations: 125)
  Rendered comments/_form.html.erb (Duration: 4.7ms | Allocations: 797)
  Rendered articles/show.html.erb within layouts/application (Duration: 36.2ms | Allocations: 1891)
[Webpacker] Everything's up-to-date. Nothing to do
Completed 200 OK in 151ms (Views: 126.3ms | ActiveRecord: 1.1ms | Allocations: 7318)


Started DELETE "/articles/5/comments/8" for ::1 at 2020-02-06 20:00:13 -0500
Processing by CommentsController#destroy as HTML
  Parameters: {"authenticity_token"=>"0HEy/3aAJO2PhtRwhgc/Kze8OlD+waIICaUpKAfxlp0NmgQGBbkrHLnYJwLIg25TgZLLZMQ2S9Ilaj2VpiVRpw==", "article_id"=>"5", "id"=>"8"}
  [1m[36mArticle Load (0.6ms)[0m  [1m[34mSELECT "articles".* FROM "articles" WHERE "articles"."id" = ? LIMIT ?[0m  [["id", 5], ["LIMIT", 1]]
  ↳ app/controllers/comments_controller.rb:13:in `destroy'
  [1m[36mComment Load (0.9ms)[0m  [1m[34mSELECT "comments".* FROM "comments" WHERE "comments"."article_id" = ? AND "comments"."id" = ? LIMIT ?[0m  [["article_id", 5], ["id", 8], ["LIMIT", 1]]
  ↳ app/controllers/comments_controller.rb:14:in `destroy'
  [1m[35m (0.1ms)[0m  [1m[36mbegin transaction[0m
  ↳ app/controllers/comments_controller.rb:15:in `destroy'
  [1m[36mComment Destroy (8.5ms)[0m  [1m[31mDELETE FROM "comments" WHERE "comments"."id" = ?[0m  [["id", 8]]
  ↳ app/controllers/comments_controller.rb:15:in `destroy'
  [1m[35m (5.4ms)[0m  [1m[36mcommit transaction[0m
  ↳ app/controllers/comments_controller.rb:15:in `destroy'
Redirected to http://localhost:3000/articles/5
Completed 302 Found in 134ms (ActiveRecord: 15.5ms | Allocations: 3425)


Started GET "/articles/5" for ::1 at 2020-02-06 20:00:14 -0500
Processing by ArticlesController#show as HTML
  Parameters: {"id"=>"5"}
  [1m[36mArticle Load (0.7ms)[0m  [1m[34mSELECT "articles".* FROM "articles" WHERE "articles"."id" = ? LIMIT ?[0m  [["id", 5], ["LIMIT", 1]]
  ↳ app/controllers/articles_controller.rb:11:in `show'
  Rendering articles/show.html.erb within layouts/application
  [1m[36mComment Load (0.6ms)[0m  [1m[34mSELECT "comments".* FROM "comments" WHERE "comments"."article_id" = ?[0m  [["article_id", 5]]
  ↳ app/views/articles/show.html.erb:13
  Rendered collection of templates [0 times] (Duration: 0.1ms | Allocations: 3)
  Rendered comments/_form.html.erb (Duration: 5.3ms | Allocations: 807)
  Rendered articles/show.html.erb within layouts/application (Duration: 26.2ms | Allocations: 1721)
[Webpacker] Everything's up-to-date. Nothing to do
Completed 200 OK in 148ms (Views: 123.2ms | ActiveRecord: 1.3ms | Allocations: 7155)


